Log file open, 05/01/20 22:54:15
LogWindows: Failed to load 'aqProf.dll' (GetLastError=126)
LogWindows: File 'aqProf.dll' does not exist
LogWindows: Failed to load 'VtuneApi.dll' (GetLastError=126)
LogWindows: File 'VtuneApi.dll' does not exist
LogWindows: Failed to load 'VtuneApi32e.dll' (GetLastError=126)
LogWindows: File 'VtuneApi32e.dll' does not exist
LogConsoleResponse: Display: Failed to find resolution value strings in scalability ini. Falling back to default.
LogInit: Display: Running engine for game: CGXJam
LogPlatformFile: Not using cached read wrapper
LogTaskGraph: Started task graph with 5 named threads and 17 total threads with 3 sets of task threads.
LogStats: Stats thread started at 18.472663
LogD3D11RHI: Loaded GFSDK_Aftermath_Lib.x64.dll
LogICUInternationalization: ICU TimeZone Detection - Raw Offset: -5:00, Platform Override: ''
LogPluginManager: Mounting plugin Paper2D
LogPluginManager: Mounting plugin AISupport
LogPluginManager: Mounting plugin LightPropagationVolume
LogPluginManager: Mounting plugin ActorLayerUtilities
LogPluginManager: Mounting plugin AnimationSharing
LogPluginManager: Mounting plugin CLionSourceCodeAccess
LogPluginManager: Mounting plugin CodeLiteSourceCodeAccess
LogPluginManager: Mounting plugin GitSourceControl
LogPluginManager: Mounting plugin KDevelopSourceCodeAccess
LogPluginManager: Mounting plugin NullSourceCodeAccess
LogPluginManager: Mounting plugin PerforceSourceControl
LogPluginManager: Mounting plugin PlasticSourceControl
LogPluginManager: Mounting plugin SubversionSourceControl
LogPluginManager: Mounting plugin UObjectPlugin
LogPluginManager: Mounting plugin VisualStudioCodeSourceCodeAccess
LogPluginManager: Mounting plugin VisualStudioSourceCodeAccess
LogPluginManager: Mounting plugin XCodeSourceCodeAccess
LogPluginManager: Mounting plugin AssetManagerEditor
LogPluginManager: Mounting plugin CryptoKeys
LogPluginManager: Mounting plugin CurveEditorTools
LogPluginManager: Mounting plugin DataValidation
LogPluginManager: Mounting plugin FacialAnimation
LogPluginManager: Mounting plugin GameplayTagsEditor
LogPluginManager: Mounting plugin MacGraphicsSwitching
LogPluginManager: Mounting plugin MaterialAnalyzer
LogPluginManager: Mounting plugin MobileLauncherProfileWizard
LogPluginManager: Mounting plugin PluginBrowser
LogPluginManager: Mounting plugin SpeedTreeImporter
LogPluginManager: Mounting plugin DatasmithContent
LogPluginManager: Mounting plugin VariantManagerContent
LogPluginManager: Mounting plugin AlembicImporter
LogPluginManager: Mounting plugin AutomationUtils
LogPluginManager: Mounting plugin BackChannel
LogPluginManager: Mounting plugin CharacterAI
LogPluginManager: Mounting plugin GeometryCache
LogPluginManager: Mounting plugin PlatformCrypto
LogPluginManager: Mounting plugin ProxyLODPlugin
LogPluginManager: Mounting plugin SkeletalReduction
LogPluginManager: Mounting plugin MagicLeap
LogPluginManager: Mounting plugin MagicLeapMedia
LogPluginManager: Mounting plugin MLSDK
LogPluginManager: Mounting plugin AndroidMedia
LogPluginManager: Mounting plugin AvfMedia
LogPluginManager: Mounting plugin ImgMedia
LogPluginManager: Mounting plugin MediaCompositing
LogPluginManager: Mounting plugin MediaPlayerEditor
LogPluginManager: Mounting plugin WebMMedia
LogPluginManager: Mounting plugin WmfMedia
LogPluginManager: Mounting plugin TcpMessaging
LogPluginManager: Mounting plugin UdpMessaging
LogPluginManager: Mounting plugin ActorSequence
LogPluginManager: Mounting plugin LevelSequenceEditor
LogPluginManager: Mounting plugin MatineeToLevelSequence
LogPluginManager: Mounting plugin NetcodeUnitTest
LogPluginManager: Mounting plugin NUTUnrealEngine4
LogPluginManager: Mounting plugin OnlineSubsystemGooglePlay
LogPluginManager: Mounting plugin OnlineSubsystemIOS
LogPluginManager: Mounting plugin OnlineSubsystem
LogPluginManager: Mounting plugin OnlineSubsystemNull
LogPluginManager: Mounting plugin OnlineSubsystemUtils
LogPluginManager: Mounting plugin LauncherChunkInstaller
LogPluginManager: Mounting plugin AndroidDeviceProfileSelector
LogPluginManager: Mounting plugin AndroidMoviePlayer
LogPluginManager: Mounting plugin AndroidPermission
LogPluginManager: Mounting plugin AppleImageUtils
LogPluginManager: Mounting plugin AppleMoviePlayer
LogPluginManager: Mounting plugin ArchVisCharacter
LogPluginManager: Mounting plugin AssetTags
LogPluginManager: Mounting plugin AudioCapture
LogPluginManager: Mounting plugin CableComponent
LogPluginManager: Mounting plugin CustomMeshComponent
LogPluginManager: Mounting plugin EditableMesh
LogPluginManager: Mounting plugin ExampleDeviceProfileSelector
LogPluginManager: Mounting plugin GoogleCloudMessaging
LogPluginManager: Mounting plugin IOSDeviceProfileSelector
LogPluginManager: Mounting plugin LinuxDeviceProfileSelector
LogPluginManager: Mounting plugin LocationServicesBPLibrary
LogPluginManager: Mounting plugin MobilePatchingUtils
LogPluginManager: Mounting plugin OculusVR
LogPluginManager: Mounting plugin PhysXVehicles
LogPluginManager: Mounting plugin PostSplashScreen
LogPluginManager: Mounting plugin ProceduralMeshComponent
LogPluginManager: Mounting plugin RuntimePhysXCooking
LogPluginManager: Mounting plugin SignificanceManager
LogPluginManager: Mounting plugin SteamVR
LogPluginManager: Mounting plugin WebMMoviePlayer
LogPluginManager: Mounting plugin WindowsMoviePlayer
LogPluginManager: Mounting plugin ScreenshotTools
LogInit: Using libcurl 7.55.1-DEV
LogInit:  - built for x86_64-pc-win32
LogInit:  - supports SSL with OpenSSL/1.1.1
LogInit:  - supports HTTP deflate (compression) using libz 1.2.8
LogInit:  - other features:
LogInit:      CURL_VERSION_SSL
LogInit:      CURL_VERSION_LIBZ
LogInit:      CURL_VERSION_IPV6
LogInit:      CURL_VERSION_ASYNCHDNS
LogInit:      CURL_VERSION_LARGEFILE
LogInit:      CURL_VERSION_IDN
LogInit:  CurlRequestOptions (configurable via config and command line):
LogInit:  - bVerifyPeer = true  - Libcurl will verify peer certificate
LogInit:  - bUseHttpProxy = false  - Libcurl will NOT use HTTP proxy
LogInit:  - bDontReuseConnections = false  - Libcurl will reuse connections
LogInit:  - MaxHostConnections = 16  - Libcurl will limit the number of connections to a host
LogInit:  - LocalHostAddr = Default
LogInit:  - BufferSize = 65536
LogOnline: OSS: Creating online subsystem instance for: NULL
LogInit: WinSock: version 1.1 (2.2), MaxSocks=32767, MaxUdp=65467
LogOnline: OSS: TryLoadSubsystemAndSetDefault: Loaded subsystem for module [NULL]
LogInit: Build: ++UE4+Release-4.24-CL-11590370
LogInit: Engine Version: 4.24.3-11590370+++UE4+Release-4.24
LogInit: Compatible Engine Version: 4.24.0-10570792+++UE4+Release-4.24
LogInit: Net CL: 10570792
LogInit: OS: Windows 10 (Release 1909) (), CPU: AMD FX(tm)-6300 Six-Core Processor             , GPU: Radeon(TM) RX 460 Graphics
LogInit: Compiled (64-bit): Feb 24 2020 15:39:18
LogInit: Compiled with Visual C++: 19.16.27032.01
LogInit: Build Configuration: Development
LogInit: Branch Name: ++UE4+Release-4.24
LogInit: Command Line: 
LogInit: Base Directory: C:/Program Files/Epic Games/UE_4.24/Engine/Binaries/Win64/
LogInit: Installed Engine Build: 1
LogDevObjectVersion: Number of dev versions registered: 25
LogDevObjectVersion:   Dev-Blueprints (B0D832E4-1F89-4F0D-ACCF-7EB736FD4AA2): 10
LogDevObjectVersion:   Dev-Build (E1C64328-A22C-4D53-A36C-8E866417BD8C): 0
LogDevObjectVersion:   Dev-Core (375EC13C-06E4-48FB-B500-84F0262A717E): 3
LogDevObjectVersion:   Dev-Editor (E4B068ED-F494-42E9-A231-DA0B2E46BB41): 37
LogDevObjectVersion:   Dev-Framework (CFFC743F-43B0-4480-9391-14DF171D2073): 36
LogDevObjectVersion:   Dev-Mobile (B02B49B5-BB20-44E9-A304-32B752E40360): 2
LogDevObjectVersion:   Dev-Networking (A4E4105C-59A1-49B5-A7C5-40C4547EDFEE): 0
LogDevObjectVersion:   Dev-Online (39C831C9-5AE6-47DC-9A44-9C173E1C8E7C): 0
LogDevObjectVersion:   Dev-Physics (78F01B33-EBEA-4F98-B9B4-84EACCB95AA2): 2
LogDevObjectVersion:   Dev-Platform (6631380F-2D4D-43E0-8009-CF276956A95A): 0
LogDevObjectVersion:   Dev-Rendering (12F88B9F-8875-4AFC-A67C-D90C383ABD29): 36
LogDevObjectVersion:   Dev-Sequencer (7B5AE74C-D270-4C10-A958-57980B212A5A): 11
LogDevObjectVersion:   Dev-VR (D7296918-1DD6-4BDD-9DE2-64A83CC13884): 2
LogDevObjectVersion:   Dev-LoadTimes (C2A15278-BFE7-4AFE-6C17-90FF531DF755): 1
LogDevObjectVersion:   Private-Geometry (6EACA3D4-40EC-4CC1-B786-8BED09428FC5): 3
LogDevObjectVersion:   Dev-AnimPhys (29E575DD-E0A3-4627-9D10-D276232CDCEA): 17
LogDevObjectVersion:   Dev-Anim (AF43A65D-7FD3-4947-9873-3E8ED9C1BB05): 2
LogDevObjectVersion:   Dev-ReflectionCapture (6B266CEC-1EC7-4B8F-A30B-E4D90942FC07): 1
LogDevObjectVersion:   Dev-Automation (0DF73D61-A23F-47EA-B727-89E90C41499A): 1
LogDevObjectVersion:   FortniteMain (601D1886-AC64-4F84-AA16-D3DE0DEAC7D6): 31
LogDevObjectVersion:   Dev-Enterprise (9DFFBCD6-494F-0158-E221-12823C92A888): 8
LogDevObjectVersion:   Dev-Niagara (F2AED0AC-9AFE-416F-8664-AA7FFA26D6FC): 1
LogDevObjectVersion:   Dev-Destruction (174F1F0B-B4C6-45A5-B13F-2EE8D0FB917D): 9
LogDevObjectVersion:   Dev-Physics-Ext (35F94A83-E258-406C-A318-09F59610247C): 8
LogDevObjectVersion:   Dev-CineCamera (B2E18506-4273-CFC2-A54E-F4BB758BBA07): 1
LogInit: Presizing for max 25165824 objects, including 0 objects not considered by GC, pre-allocating 0 bytes for permanent pool.
LogInit: Object subsystem initialized
LogConfig: Setting CVar [[con.DebugEarlyDefault:1]]
LogConfig: Setting CVar [[r.setres:1280x720]]
[2020.05.02-02.54.20:829][  0]LogConfig: Setting CVar [[r.VSync:0]]
[2020.05.02-02.54.20:829][  0]LogConfig: Setting CVar [[r.RHICmdBypass:0]]
[2020.05.02-02.54.20:879][  0]LogConfig: Applying CVar settings from Section [/Script/Engine.RendererSettings] File [C:/Users/Delam/OneDrive/Documents/GitHub/CGLXJam/CGXJam/Saved/Config/Windows/Engine.ini]
[2020.05.02-02.54.20:879][  0]LogConfig: Setting CVar [[r.GPUCrashDebugging:0]]
[2020.05.02-02.54.20:879][  0]LogConfig: Applying CVar settings from Section [/Script/Engine.RendererOverrideSettings] File [C:/Users/Delam/OneDrive/Documents/GitHub/CGLXJam/CGXJam/Saved/Config/Windows/Engine.ini]
[2020.05.02-02.54.20:879][  0]LogConfig: Applying CVar settings from Section [/Script/Engine.StreamingSettings] File [C:/Users/Delam/OneDrive/Documents/GitHub/CGLXJam/CGXJam/Saved/Config/Windows/Engine.ini]
[2020.05.02-02.54.20:879][  0]LogConfig: Setting CVar [[s.MinBulkDataSizeForAsyncLoading:131072]]
[2020.05.02-02.54.20:879][  0]LogConfig: Setting CVar [[s.AsyncLoadingThreadEnabled:0]]
[2020.05.02-02.54.20:879][  0]LogConfig: Setting CVar [[s.EventDrivenLoaderEnabled:1]]
[2020.05.02-02.54.20:879][  0]LogConfig: Setting CVar [[s.WarnIfTimeLimitExceeded:0]]
[2020.05.02-02.54.20:879][  0]LogConfig: Setting CVar [[s.TimeLimitExceededMultiplier:1.5]]
[2020.05.02-02.54.20:879][  0]LogConfig: Setting CVar [[s.TimeLimitExceededMinTime:0.005]]
[2020.05.02-02.54.20:880][  0]LogConfig: Setting CVar [[s.UseBackgroundLevelStreaming:1]]
[2020.05.02-02.54.20:880][  0]LogConfig: Setting CVar [[s.PriorityAsyncLoadingExtraTime:15.0]]
[2020.05.02-02.54.20:880][  0]LogConfig: Setting CVar [[s.LevelStreamingActorsUpdateTimeLimit:5.0]]
[2020.05.02-02.54.20:880][  0]LogConfig: Setting CVar [[s.PriorityLevelStreamingActorsUpdateExtraTime:5.0]]
[2020.05.02-02.54.20:880][  0]LogConfig: Setting CVar [[s.LevelStreamingComponentsRegistrationGranularity:10]]
[2020.05.02-02.54.20:880][  0]LogConfig: Setting CVar [[s.UnregisterComponentsTimeLimit:1.0]]
[2020.05.02-02.54.20:880][  0]LogConfig: Setting CVar [[s.LevelStreamingComponentsUnregistrationGranularity:5]]
[2020.05.02-02.54.20:880][  0]LogConfig: Setting CVar [[s.FlushStreamingOnExit:1]]
[2020.05.02-02.54.20:880][  0]LogConfig: Applying CVar settings from Section [/Script/Engine.GarbageCollectionSettings] File [C:/Users/Delam/OneDrive/Documents/GitHub/CGLXJam/CGXJam/Saved/Config/Windows/Engine.ini]
[2020.05.02-02.54.20:880][  0]LogConfig: Setting CVar [[gc.MaxObjectsNotConsideredByGC:1]]
[2020.05.02-02.54.20:880][  0]LogConfig: Setting CVar [[gc.SizeOfPermanentObjectPool:0]]
[2020.05.02-02.54.20:880][  0]LogConfig: Setting CVar [[gc.FlushStreamingOnGC:0]]
[2020.05.02-02.54.20:880][  0]LogConfig: Setting CVar [[gc.NumRetriesBeforeForcingGC:10]]
[2020.05.02-02.54.20:880][  0]LogConfig: Setting CVar [[gc.AllowParallelGC:1]]
[2020.05.02-02.54.20:880][  0]LogConfig: Setting CVar [[gc.TimeBetweenPurgingPendingKillObjects:61.1]]
[2020.05.02-02.54.20:880][  0]LogConfig: Setting CVar [[gc.MaxObjectsInEditor:25165824]]
[2020.05.02-02.54.20:881][  0]LogConfig: Setting CVar [[gc.IncrementalBeginDestroyEnabled:1]]
[2020.05.02-02.54.20:881][  0]LogConfig: Setting CVar [[gc.CreateGCClusters:1]]
[2020.05.02-02.54.20:881][  0]LogConfig: Setting CVar [[gc.MinGCClusterSize:5]]
[2020.05.02-02.54.20:881][  0]LogConfig: Setting CVar [[gc.ActorClusteringEnabled:0]]
[2020.05.02-02.54.20:881][  0]LogConfig: Setting CVar [[gc.BlueprintClusteringEnabled:0]]
[2020.05.02-02.54.20:881][  0]LogConfig: Setting CVar [[gc.UseDisregardForGCOnDedicatedServers:0]]
[2020.05.02-02.54.20:881][  0]LogConfig: Applying CVar settings from Section [/Script/Engine.NetworkSettings] File [C:/Users/Delam/OneDrive/Documents/GitHub/CGLXJam/CGXJam/Saved/Config/Windows/Engine.ini]
[2020.05.02-02.54.20:881][  0]LogConfig: Applying CVar settings from Section [/Script/UnrealEd.CookerSettings] File [C:/Users/Delam/OneDrive/Documents/GitHub/CGLXJam/CGXJam/Saved/Config/Windows/Engine.ini]
[2020.05.02-02.54.21:006][  0]LogConfig: Applying CVar settings from Section [ViewDistanceQuality@3] File [C:/Users/Delam/OneDrive/Documents/GitHub/CGLXJam/CGXJam/Saved/Config/Windows/Scalability.ini]
[2020.05.02-02.54.21:006][  0]LogConfig: Setting CVar [[r.SkeletalMeshLODBias:0]]
[2020.05.02-02.54.21:006][  0]LogConfig: Setting CVar [[r.ViewDistanceScale:1.0]]
[2020.05.02-02.54.21:006][  0]LogConfig: Applying CVar settings from Section [AntiAliasingQuality@3] File [C:/Users/Delam/OneDrive/Documents/GitHub/CGLXJam/CGXJam/Saved/Config/Windows/Scalability.ini]
[2020.05.02-02.54.21:007][  0]LogConfig: Setting CVar [[r.PostProcessAAQuality:4]]
[2020.05.02-02.54.21:007][  0]LogConfig: Applying CVar settings from Section [ShadowQuality@3] File [C:/Users/Delam/OneDrive/Documents/GitHub/CGLXJam/CGXJam/Saved/Config/Windows/Scalability.ini]
[2020.05.02-02.54.21:007][  0]LogConfig: Setting CVar [[r.LightFunctionQuality:1]]
[2020.05.02-02.54.21:007][  0]LogConfig: Setting CVar [[r.ShadowQuality:5]]
[2020.05.02-02.54.21:007][  0]LogConfig: Setting CVar [[r.Shadow.CSM.MaxCascades:10]]
[2020.05.02-02.54.21:007][  0]LogConfig: Setting CVar [[r.Shadow.MaxResolution:2048]]
[2020.05.02-02.54.21:007][  0]LogConfig: Setting CVar [[r.Shadow.MaxCSMResolution:2048]]
[2020.05.02-02.54.21:007][  0]LogConfig: Setting CVar [[r.Shadow.RadiusThreshold:0.01]]
[2020.05.02-02.54.21:007][  0]LogConfig: Setting CVar [[r.Shadow.DistanceScale:1.0]]
[2020.05.02-02.54.21:007][  0]LogConfig: Setting CVar [[r.Shadow.CSM.TransitionScale:1.0]]
[2020.05.02-02.54.21:007][  0]LogConfig: Setting CVar [[r.Shadow.PreShadowResolutionFactor:1.0]]
[2020.05.02-02.54.21:007][  0]LogConfig: Setting CVar [[r.DistanceFieldShadowing:1]]
[2020.05.02-02.54.21:007][  0]LogConfig: Setting CVar [[r.DistanceFieldAO:1]]
[2020.05.02-02.54.21:007][  0]LogConfig: Setting CVar [[r.AOQuality:2]]
[2020.05.02-02.54.21:008][  0]LogConfig: Setting CVar [[r.VolumetricFog:1]]
[2020.05.02-02.54.21:008][  0]LogConfig: Setting CVar [[r.VolumetricFog.GridPixelSize:8]]
[2020.05.02-02.54.21:008][  0]LogConfig: Setting CVar [[r.VolumetricFog.GridSizeZ:128]]
[2020.05.02-02.54.21:008][  0]LogConfig: Setting CVar [[r.VolumetricFog.HistoryMissSupersampleCount:4]]
[2020.05.02-02.54.21:008][  0]LogConfig: Setting CVar [[r.LightMaxDrawDistanceScale:1]]
[2020.05.02-02.54.21:008][  0]LogConfig: Setting CVar [[r.CapsuleShadows:1]]
[2020.05.02-02.54.21:008][  0]LogConfig: Applying CVar settings from Section [PostProcessQuality@3] File [C:/Users/Delam/OneDrive/Documents/GitHub/CGLXJam/CGXJam/Saved/Config/Windows/Scalability.ini]
[2020.05.02-02.54.21:008][  0]LogConfig: Setting CVar [[r.MotionBlurQuality:4]]
[2020.05.02-02.54.21:008][  0]LogConfig: Setting CVar [[r.AmbientOcclusionMipLevelFactor:0.4]]
[2020.05.02-02.54.21:008][  0]LogConfig: Setting CVar [[r.AmbientOcclusionMaxQuality:100]]
[2020.05.02-02.54.21:008][  0]LogConfig: Setting CVar [[r.AmbientOcclusionLevels:-1]]
[2020.05.02-02.54.21:008][  0]LogConfig: Setting CVar [[r.AmbientOcclusionRadiusScale:1.0]]
[2020.05.02-02.54.21:008][  0]LogConfig: Setting CVar [[r.DepthOfFieldQuality:2]]
[2020.05.02-02.54.21:008][  0]LogConfig: Setting CVar [[r.RenderTargetPoolMin:400]]
[2020.05.02-02.54.21:009][  0]LogConfig: Setting CVar [[r.LensFlareQuality:2]]
[2020.05.02-02.54.21:009][  0]LogConfig: Setting CVar [[r.SceneColorFringeQuality:1]]
[2020.05.02-02.54.21:009][  0]LogConfig: Setting CVar [[r.EyeAdaptationQuality:2]]
[2020.05.02-02.54.21:009][  0]LogConfig: Setting CVar [[r.BloomQuality:5]]
[2020.05.02-02.54.21:009][  0]LogConfig: Setting CVar [[r.FastBlurThreshold:100]]
[2020.05.02-02.54.21:009][  0]LogConfig: Setting CVar [[r.Upscale.Quality:3]]
[2020.05.02-02.54.21:009][  0]LogConfig: Setting CVar [[r.Tonemapper.GrainQuantization:1]]
[2020.05.02-02.54.21:009][  0]LogConfig: Setting CVar [[r.LightShaftQuality:1]]
[2020.05.02-02.54.21:009][  0]LogConfig: Setting CVar [[r.Filter.SizeScale:1]]
[2020.05.02-02.54.21:009][  0]LogConfig: Setting CVar [[r.Tonemapper.Quality:5]]
[2020.05.02-02.54.21:009][  0]LogConfig: Setting CVar [[r.DOF.Gather.AccumulatorQuality:1        ; higher gathering accumulator quality]]
[2020.05.02-02.54.21:009][  0]LogConfig: Setting CVar [[r.DOF.Gather.PostfilterMethod:1          ; Median3x3 postfilering method]]
[2020.05.02-02.54.21:009][  0]LogConfig: Setting CVar [[r.DOF.Gather.EnableBokehSettings:0       ; no bokeh simulation when gathering]]
[2020.05.02-02.54.21:009][  0]LogConfig: Setting CVar [[r.DOF.Gather.RingCount:4                 ; medium number of samples when gathering]]
[2020.05.02-02.54.21:009][  0]LogConfig: Setting CVar [[r.DOF.Scatter.ForegroundCompositing:1    ; additive foreground scattering]]
[2020.05.02-02.54.21:010][  0]LogConfig: Setting CVar [[r.DOF.Scatter.BackgroundCompositing:2    ; additive background scattering]]
[2020.05.02-02.54.21:010][  0]LogConfig: Setting CVar [[r.DOF.Scatter.EnableBokehSettings:1      ; bokeh simulation when scattering]]
[2020.05.02-02.54.21:010][  0]LogConfig: Setting CVar [[r.DOF.Scatter.MaxSpriteRatio:0.1         ; only a maximum of 10% of scattered bokeh]]
[2020.05.02-02.54.21:010][  0]LogConfig: Setting CVar [[r.DOF.Recombine.Quality:1                ; cheap slight out of focus]]
[2020.05.02-02.54.21:010][  0]LogConfig: Setting CVar [[r.DOF.Recombine.EnableBokehSettings:0    ; no bokeh simulation on slight out of focus]]
[2020.05.02-02.54.21:010][  0]LogConfig: Setting CVar [[r.DOF.TemporalAAQuality:1                ; more stable temporal accumulation]]
[2020.05.02-02.54.21:010][  0]LogConfig: Setting CVar [[r.DOF.Kernel.MaxForegroundRadius:0.025]]
[2020.05.02-02.54.21:010][  0]LogConfig: Setting CVar [[r.DOF.Kernel.MaxBackgroundRadius:0.025]]
[2020.05.02-02.54.21:010][  0]LogConfig: Applying CVar settings from Section [TextureQuality@3] File [C:/Users/Delam/OneDrive/Documents/GitHub/CGLXJam/CGXJam/Saved/Config/Windows/Scalability.ini]
[2020.05.02-02.54.21:010][  0]LogConfig: Setting CVar [[r.Streaming.MipBias:0]]
[2020.05.02-02.54.21:010][  0]LogConfig: Setting CVar [[r.Streaming.AmortizeCPUToGPUCopy:0]]
[2020.05.02-02.54.21:010][  0]LogConfig: Setting CVar [[r.Streaming.MaxNumTexturesToStreamPerFrame:0]]
[2020.05.02-02.54.21:010][  0]LogConfig: Setting CVar [[r.Streaming.Boost:1]]
[2020.05.02-02.54.21:011][  0]LogConfig: Setting CVar [[r.MaxAnisotropy:8]]
[2020.05.02-02.54.21:011][  0]LogConfig: Setting CVar [[r.VT.MaxAnisotropy:8]]
[2020.05.02-02.54.21:011][  0]LogConfig: Setting CVar [[r.Streaming.LimitPoolSizeToVRAM:0]]
[2020.05.02-02.54.21:011][  0]LogConfig: Setting CVar [[r.Streaming.PoolSize:1000]]
[2020.05.02-02.54.21:011][  0]LogConfig: Setting CVar [[r.Streaming.MaxEffectiveScreenSize:0]]
[2020.05.02-02.54.21:011][  0]LogConfig: Applying CVar settings from Section [EffectsQuality@3] File [C:/Users/Delam/OneDrive/Documents/GitHub/CGLXJam/CGXJam/Saved/Config/Windows/Scalability.ini]
[2020.05.02-02.54.21:011][  0]LogConfig: Setting CVar [[r.TranslucencyLightingVolumeDim:64]]
[2020.05.02-02.54.21:011][  0]LogConfig: Setting CVar [[r.RefractionQuality:2]]
[2020.05.02-02.54.21:011][  0]LogConfig: Setting CVar [[r.SSR.Quality:3]]
[2020.05.02-02.54.21:011][  0]LogConfig: Setting CVar [[r.SSR.HalfResSceneColor:0]]
[2020.05.02-02.54.21:011][  0]LogConfig: Setting CVar [[r.SceneColorFormat:4]]
[2020.05.02-02.54.21:011][  0]LogConfig: Setting CVar [[r.DetailMode:2]]
[2020.05.02-02.54.21:011][  0]LogConfig: Setting CVar [[r.TranslucencyVolumeBlur:1]]
[2020.05.02-02.54.21:011][  0]LogConfig: Setting CVar [[r.MaterialQualityLevel:1 ; High quality]]
[2020.05.02-02.54.21:012][  0]LogConfig: Setting CVar [[r.SSS.Scale:1]]
[2020.05.02-02.54.21:012][  0]LogConfig: Setting CVar [[r.SSS.SampleSet:2]]
[2020.05.02-02.54.21:012][  0]LogConfig: Setting CVar [[r.SSS.Quality:1]]
[2020.05.02-02.54.21:012][  0]LogConfig: Setting CVar [[r.SSS.HalfRes:1]]
[2020.05.02-02.54.21:012][  0]LogConfig: Setting CVar [[r.SSGI.Quality:3]]
[2020.05.02-02.54.21:012][  0]LogConfig: Setting CVar [[r.EmitterSpawnRateScale:1.0]]
[2020.05.02-02.54.21:012][  0]LogConfig: Setting CVar [[r.ParticleLightQuality:2]]
[2020.05.02-02.54.21:012][  0]LogConfig: Setting CVar [[r.SkyAtmosphere.AerialPerspectiveLUT.FastApplyOnOpaque:1 ; Always have FastSkyLUT 1 in this case to avoid wrong sky]]
[2020.05.02-02.54.21:012][  0]LogConfig: Setting CVar [[r.SkyAtmosphere.AerialPerspectiveLUT.SampleCountPerSlice:1]]
[2020.05.02-02.54.21:012][  0]LogConfig: Setting CVar [[r.SkyAtmosphere.AerialPerspectiveLUT.DepthResolution:16.0]]
[2020.05.02-02.54.21:012][  0]LogConfig: Setting CVar [[r.SkyAtmosphere.FastSkyLUT:1]]
[2020.05.02-02.54.21:012][  0]LogConfig: Setting CVar [[r.SkyAtmosphere.FastSkyLUT.SampleCountMin:4.0]]
[2020.05.02-02.54.21:012][  0]LogConfig: Setting CVar [[r.SkyAtmosphere.FastSkyLUT.SampleCountMax:32.0]]
[2020.05.02-02.54.21:013][  0]LogConfig: Setting CVar [[r.SkyAtmosphere.SampleCountMin:4.0]]
[2020.05.02-02.54.21:013][  0]LogConfig: Setting CVar [[r.SkyAtmosphere.SampleCountMax:32.0]]
[2020.05.02-02.54.21:013][  0]LogConfig: Setting CVar [[r.SkyAtmosphere.TransmittanceLUT.UseSmallFormat:0]]
[2020.05.02-02.54.21:013][  0]LogConfig: Setting CVar [[r.SkyAtmosphere.TransmittanceLUT.SampleCount:10.0]]
[2020.05.02-02.54.21:013][  0]LogConfig: Setting CVar [[r.SkyAtmosphere.MultiScatteringLUT.SampleCount:15.0]]
[2020.05.02-02.54.21:013][  0]LogConfig: Applying CVar settings from Section [FoliageQuality@3] File [C:/Users/Delam/OneDrive/Documents/GitHub/CGLXJam/CGXJam/Saved/Config/Windows/Scalability.ini]
[2020.05.02-02.54.21:013][  0]LogConfig: Setting CVar [[foliage.DensityScale:1.0]]
[2020.05.02-02.54.21:013][  0]LogConfig: Setting CVar [[grass.DensityScale:1.0]]
[2020.05.02-02.54.21:013][  0]LogConfig: Applying CVar settings from Section [ShadingQuality@3] File [C:/Users/Delam/OneDrive/Documents/GitHub/CGLXJam/CGXJam/Saved/Config/Windows/Scalability.ini]
[2020.05.02-02.54.21:013][  0]LogConfig: Setting CVar [[r.HairStrands.SkyLighting.SampleCount:16]]
[2020.05.02-02.54.21:013][  0]LogConfig: Setting CVar [[r.HairStrands.SkyLighting.JitterIntegration:0]]
[2020.05.02-02.54.21:014][  0]LogConfig: Setting CVar [[r.HairStrands.SkyAO.SampleCount:16]]
[2020.05.02-02.54.21:068][  0]LogInit: Selected Device Profile: [Windows]
[2020.05.02-02.54.21:069][  0]LogInit: Applying CVar settings loaded from the selected device profile: [Windows]
[2020.05.02-02.54.21:168][  0]LogHAL: Display: Platform has ~ 8 GB [8546504704 / 8589934592 / 8], which maps to Default [LargestMinGB=32, LargerMinGB=12, DefaultMinGB=8, SmallerMinGB=6, SmallestMinGB=0)
[2020.05.02-02.54.21:168][  0]LogInit: Going up to parent DeviceProfile []
[2020.05.02-02.54.21:168][  0]LogConfig: Applying CVar settings from Section [ViewDistanceQuality@1] File [C:/Users/Delam/OneDrive/Documents/GitHub/CGLXJam/CGXJam/Saved/Config/Windows/Scalability.ini]
[2020.05.02-02.54.21:168][  0]LogConfig: Setting CVar [[r.SkeletalMeshLODBias:1]]
[2020.05.02-02.54.21:168][  0]LogConfig: Setting CVar [[r.ViewDistanceScale:0.6]]
[2020.05.02-02.54.21:168][  0]LogConfig: Applying CVar settings from Section [AntiAliasingQuality@1] File [C:/Users/Delam/OneDrive/Documents/GitHub/CGLXJam/CGXJam/Saved/Config/Windows/Scalability.ini]
[2020.05.02-02.54.21:168][  0]LogConfig: Setting CVar [[r.PostProcessAAQuality:2]]
[2020.05.02-02.54.21:169][  0]LogConfig: Applying CVar settings from Section [ShadowQuality@1] File [C:/Users/Delam/OneDrive/Documents/GitHub/CGLXJam/CGXJam/Saved/Config/Windows/Scalability.ini]
[2020.05.02-02.54.21:169][  0]LogConfig: Setting CVar [[r.LightFunctionQuality:1]]
[2020.05.02-02.54.21:169][  0]LogConfig: Setting CVar [[r.ShadowQuality:3]]
[2020.05.02-02.54.21:169][  0]LogConfig: Setting CVar [[r.Shadow.CSM.MaxCascades:1]]
[2020.05.02-02.54.21:169][  0]LogConfig: Setting CVar [[r.Shadow.MaxResolution:1024]]
[2020.05.02-02.54.21:169][  0]LogConfig: Setting CVar [[r.Shadow.MaxCSMResolution:1024]]
[2020.05.02-02.54.21:169][  0]LogConfig: Setting CVar [[r.Shadow.RadiusThreshold:0.05]]
[2020.05.02-02.54.21:169][  0]LogConfig: Setting CVar [[r.Shadow.DistanceScale:0.7]]
[2020.05.02-02.54.21:169][  0]LogConfig: Setting CVar [[r.Shadow.CSM.TransitionScale:0.25]]
[2020.05.02-02.54.21:169][  0]LogConfig: Setting CVar [[r.Shadow.PreShadowResolutionFactor:0.5]]
[2020.05.02-02.54.21:169][  0]LogConfig: Setting CVar [[r.DistanceFieldShadowing:0]]
[2020.05.02-02.54.21:169][  0]LogConfig: Setting CVar [[r.DistanceFieldAO:0]]
[2020.05.02-02.54.21:169][  0]LogConfig: Setting CVar [[r.VolumetricFog:0]]
[2020.05.02-02.54.21:169][  0]LogConfig: Setting CVar [[r.LightMaxDrawDistanceScale:.5]]
[2020.05.02-02.54.21:169][  0]LogConfig: Setting CVar [[r.CapsuleShadows:1]]
[2020.05.02-02.54.21:169][  0]LogConfig: Applying CVar settings from Section [PostProcessQuality@1] File [C:/Users/Delam/OneDrive/Documents/GitHub/CGLXJam/CGXJam/Saved/Config/Windows/Scalability.ini]
[2020.05.02-02.54.21:169][  0]LogConfig: Setting CVar [[r.MotionBlurQuality:3]]
[2020.05.02-02.54.21:169][  0]LogConfig: Setting CVar [[r.AmbientOcclusionMipLevelFactor:1.0]]
[2020.05.02-02.54.21:169][  0]LogConfig: Setting CVar [[r.AmbientOcclusionMaxQuality:60]]
[2020.05.02-02.54.21:169][  0]LogConfig: Setting CVar [[r.AmbientOcclusionLevels:-1]]
[2020.05.02-02.54.21:169][  0]LogConfig: Setting CVar [[r.AmbientOcclusionRadiusScale:1.5]]
[2020.05.02-02.54.21:169][  0]LogConfig: Setting CVar [[r.DepthOfFieldQuality:1]]
[2020.05.02-02.54.21:169][  0]LogConfig: Setting CVar [[r.RenderTargetPoolMin:350]]
[2020.05.02-02.54.21:169][  0]LogConfig: Setting CVar [[r.LensFlareQuality:0]]
[2020.05.02-02.54.21:169][  0]LogConfig: Setting CVar [[r.SceneColorFringeQuality:0]]
[2020.05.02-02.54.21:169][  0]LogConfig: Setting CVar [[r.EyeAdaptationQuality:0]]
[2020.05.02-02.54.21:169][  0]LogConfig: Setting CVar [[r.BloomQuality:4]]
[2020.05.02-02.54.21:169][  0]LogConfig: Setting CVar [[r.FastBlurThreshold:2]]
[2020.05.02-02.54.21:169][  0]LogConfig: Setting CVar [[r.Upscale.Quality:2]]
[2020.05.02-02.54.21:170][  0]LogConfig: Setting CVar [[r.Tonemapper.GrainQuantization:0]]
[2020.05.02-02.54.21:170][  0]LogConfig: Setting CVar [[r.LightShaftQuality:0]]
[2020.05.02-02.54.21:170][  0]LogConfig: Setting CVar [[r.Filter.SizeScale:0.7]]
[2020.05.02-02.54.21:170][  0]LogConfig: Setting CVar [[r.Tonemapper.Quality:2]]
[2020.05.02-02.54.21:170][  0]LogConfig: Setting CVar [[r.DOF.Gather.AccumulatorQuality:0        ; lower gathering accumulator quality]]
[2020.05.02-02.54.21:170][  0]LogConfig: Setting CVar [[r.DOF.Gather.PostfilterMethod:2          ; Max3x3 postfilering method]]
[2020.05.02-02.54.21:170][  0]LogConfig: Setting CVar [[r.DOF.Gather.EnableBokehSettings:0       ; no bokeh simulation when gathering]]
[2020.05.02-02.54.21:170][  0]LogConfig: Setting CVar [[r.DOF.Gather.RingCount:3                 ; low number of samples when gathering]]
[2020.05.02-02.54.21:170][  0]LogConfig: Setting CVar [[r.DOF.Scatter.ForegroundCompositing:0    ; no foreground scattering]]
[2020.05.02-02.54.21:170][  0]LogConfig: Setting CVar [[r.DOF.Scatter.BackgroundCompositing:0    ; no foreground scattering]]
[2020.05.02-02.54.21:170][  0]LogConfig: Setting CVar [[r.DOF.Recombine.Quality:0                ; no slight out of focus]]
[2020.05.02-02.54.21:170][  0]LogConfig: Setting CVar [[r.DOF.TemporalAAQuality:0                ; faster temporal accumulation]]
[2020.05.02-02.54.21:170][  0]LogConfig: Setting CVar [[r.DOF.Kernel.MaxForegroundRadius:0.006   ; required because low gathering and no scattering and not looking great at 1080p]]
[2020.05.02-02.54.21:170][  0]LogConfig: Setting CVar [[r.DOF.Kernel.MaxBackgroundRadius:0.006   ; required because low gathering and no scattering and not looking great at 1080p]]
[2020.05.02-02.54.21:170][  0]LogConfig: Applying CVar settings from Section [TextureQuality@1] File [C:/Users/Delam/OneDrive/Documents/GitHub/CGLXJam/CGXJam/Saved/Config/Windows/Scalability.ini]
[2020.05.02-02.54.21:170][  0]LogConfig: Setting CVar [[r.Streaming.MipBias:1]]
[2020.05.02-02.54.21:170][  0]LogConfig: Setting CVar [[r.Streaming.AmortizeCPUToGPUCopy:0]]
[2020.05.02-02.54.21:170][  0]LogConfig: Setting CVar [[r.Streaming.MaxNumTexturesToStreamPerFrame:0]]
[2020.05.02-02.54.21:170][  0]LogConfig: Setting CVar [[r.Streaming.Boost:1]]
[2020.05.02-02.54.21:170][  0]LogConfig: Setting CVar [[r.MaxAnisotropy:2]]
[2020.05.02-02.54.21:170][  0]LogConfig: Setting CVar [[r.VT.MaxAnisotropy:4]]
[2020.05.02-02.54.21:170][  0]LogConfig: Setting CVar [[r.Streaming.LimitPoolSizeToVRAM:1]]
[2020.05.02-02.54.21:170][  0]LogConfig: Setting CVar [[r.Streaming.PoolSize:600]]
[2020.05.02-02.54.21:170][  0]LogConfig: Setting CVar [[r.Streaming.MaxEffectiveScreenSize:0]]
[2020.05.02-02.54.21:170][  0]LogConfig: Applying CVar settings from Section [EffectsQuality@1] File [C:/Users/Delam/OneDrive/Documents/GitHub/CGLXJam/CGXJam/Saved/Config/Windows/Scalability.ini]
[2020.05.02-02.54.21:170][  0]LogConfig: Setting CVar [[r.TranslucencyLightingVolumeDim:32]]
[2020.05.02-02.54.21:170][  0]LogConfig: Setting CVar [[r.RefractionQuality:0]]
[2020.05.02-02.54.21:170][  0]LogConfig: Setting CVar [[r.SSR.Quality:0]]
[2020.05.02-02.54.21:171][  0]LogConfig: Setting CVar [[r.SSR.HalfResSceneColor:1]]
[2020.05.02-02.54.21:171][  0]LogConfig: Setting CVar [[r.SceneColorFormat:3]]
[2020.05.02-02.54.21:171][  0]LogConfig: Setting CVar [[r.DetailMode:1]]
[2020.05.02-02.54.21:171][  0]LogConfig: Setting CVar [[r.TranslucencyVolumeBlur:0]]
[2020.05.02-02.54.21:171][  0]LogConfig: Setting CVar [[r.MaterialQualityLevel:2 ; Medium quality]]
[2020.05.02-02.54.21:171][  0]LogConfig: Setting CVar [[r.SSS.Scale:0.75]]
[2020.05.02-02.54.21:171][  0]LogConfig: Setting CVar [[r.SSS.SampleSet:0]]
[2020.05.02-02.54.21:171][  0]LogConfig: Setting CVar [[r.SSS.Quality:0]]
[2020.05.02-02.54.21:171][  0]LogConfig: Setting CVar [[r.SSS.HalfRes:1]]
[2020.05.02-02.54.21:171][  0]LogConfig: Setting CVar [[r.SSGI.Quality:1]]
[2020.05.02-02.54.21:171][  0]LogConfig: Setting CVar [[r.EmitterSpawnRateScale:0.25]]
[2020.05.02-02.54.21:171][  0]LogConfig: Setting CVar [[r.ParticleLightQuality:0]]
[2020.05.02-02.54.21:171][  0]LogConfig: Setting CVar [[r.SkyAtmosphere.AerialPerspectiveLUT.FastApplyOnOpaque:1 ; Always have FastSkyLUT 1 in this case to avoid wrong sky]]
[2020.05.02-02.54.21:171][  0]LogConfig: Setting CVar [[r.SkyAtmosphere.AerialPerspectiveLUT.SampleCountPerSlice:1]]
[2020.05.02-02.54.21:171][  0]LogConfig: Setting CVar [[r.SkyAtmosphere.AerialPerspectiveLUT.DepthResolution:16.0]]
[2020.05.02-02.54.21:171][  0]LogConfig: Setting CVar [[r.SkyAtmosphere.FastSkyLUT:1]]
[2020.05.02-02.54.21:171][  0]LogConfig: Setting CVar [[r.SkyAtmosphere.FastSkyLUT.SampleCountMin:4.0]]
[2020.05.02-02.54.21:171][  0]LogConfig: Setting CVar [[r.SkyAtmosphere.FastSkyLUT.SampleCountMax:32.0]]
[2020.05.02-02.54.21:171][  0]LogConfig: Setting CVar [[r.SkyAtmosphere.SampleCountMin:4.0]]
[2020.05.02-02.54.21:171][  0]LogConfig: Setting CVar [[r.SkyAtmosphere.SampleCountMax:32.0]]
[2020.05.02-02.54.21:171][  0]LogConfig: Setting CVar [[r.SkyAtmosphere.TransmittanceLUT.UseSmallFormat:0]]
[2020.05.02-02.54.21:171][  0]LogConfig: Setting CVar [[r.SkyAtmosphere.TransmittanceLUT.SampleCount:10.0]]
[2020.05.02-02.54.21:171][  0]LogConfig: Setting CVar [[r.SkyAtmosphere.MultiScatteringLUT.SampleCount:15.0]]
[2020.05.02-02.54.21:171][  0]LogConfig: Applying CVar settings from Section [FoliageQuality@1] File [C:/Users/Delam/OneDrive/Documents/GitHub/CGLXJam/CGXJam/Saved/Config/Windows/Scalability.ini]
[2020.05.02-02.54.21:171][  0]LogConfig: Setting CVar [[foliage.DensityScale:0.4]]
[2020.05.02-02.54.21:171][  0]LogConfig: Setting CVar [[grass.DensityScale:0.4]]
[2020.05.02-02.54.21:171][  0]LogConfig: Applying CVar settings from Section [ShadingQuality@3] File [C:/Users/Delam/OneDrive/Documents/GitHub/CGLXJam/CGXJam/Saved/Config/Windows/Scalability.ini]
[2020.05.02-02.54.21:172][  0]LogConfig: Setting CVar [[r.HairStrands.SkyLighting.SampleCount:16]]
[2020.05.02-02.54.21:172][  0]LogConfig: Setting CVar [[r.HairStrands.SkyLighting.JitterIntegration:0]]
[2020.05.02-02.54.21:172][  0]LogConfig: Setting CVar [[r.HairStrands.SkyAO.SampleCount:16]]
[2020.05.02-02.54.21:172][  0]LogConfig: Applying CVar settings from Section [Startup] File [../../../Engine/Config/ConsoleVariables.ini]
[2020.05.02-02.54.21:189][  0]LogConfig: Setting CVar [[net.UseAdaptiveNetUpdateFrequency:0]]
[2020.05.02-02.54.21:189][  0]LogConfig: Setting CVar [[p.chaos.AllowCreatePhysxBodies:1]]
[2020.05.02-02.54.21:189][  0]LogConfig: Applying CVar settings from Section [ConsoleVariables] File [C:/Users/Delam/OneDrive/Documents/GitHub/CGLXJam/CGXJam/Saved/Config/Windows/Engine.ini]
[2020.05.02-02.54.21:256][  0]LogInit: Computer: DESKTOP-M25UTED
[2020.05.02-02.54.21:256][  0]LogInit: User: Delam
[2020.05.02-02.54.21:256][  0]LogInit: CPU Page size=4096, Cores=3
[2020.05.02-02.54.21:256][  0]LogInit: High frequency timer resolution =10.000000 MHz
[2020.05.02-02.54.21:257][  0]LogMemory: Memory total: Physical=8.0GB (8GB approx)
[2020.05.02-02.54.21:269][  0]LogMemory: Platform Memory Stats for Windows
[2020.05.02-02.54.21:269][  0]LogMemory: Process Physical Memory: 106.64 MB used, 106.65 MB peak
[2020.05.02-02.54.21:269][  0]LogMemory: Process Virtual Memory: 102.18 MB used, 102.18 MB peak
[2020.05.02-02.54.21:269][  0]LogMemory: Physical Memory: 6268.85 MB used,  1881.73 MB free, 8150.58 MB total
[2020.05.02-02.54.21:269][  0]LogMemory: Virtual Memory: 5103.47 MB used,  134212624.00 MB free, 134217728.00 MB total
[2020.05.02-02.54.21:318][  0]LogWindows: WindowsPlatformFeatures enabled
[2020.05.02-02.54.22:309][  0]LogInit: Using OS detected language (en-US).
[2020.05.02-02.54.22:309][  0]LogInit: Using OS detected locale (en-US).
[2020.05.02-02.54.22:311][  0]LogTextLocalizationManager: No specific localization for 'en-US' exists, so the 'en' localization will be used.
[2020.05.02-02.54.23:321][  0]LogInit: Setting process to per monitor DPI aware
[2020.05.02-02.54.23:978][  0]LogSlate: New Slate User Created.  User Index 0, Is Virtual User: 0
[2020.05.02-02.54.23:979][  0]LogSlate: Slate User Registered.  User Index 0, Is Virtual User: 0
[2020.05.02-02.54.28:024][  0]LogHMD: Failed to initialize OpenVR with code 110
[2020.05.02-02.54.28:024][  0]LogD3D11RHI: D3D11 min allowed feature level: 11_0
[2020.05.02-02.54.28:024][  0]LogD3D11RHI: D3D11 max allowed feature level: 11_0
[2020.05.02-02.54.28:024][  0]LogD3D11RHI: D3D11 adapters:
[2020.05.02-02.54.28:607][  0]LogD3D11RHI:    0. 'Radeon(TM) RX 460 Graphics' (Feature Level 11_0)
[2020.05.02-02.54.28:607][  0]LogD3D11RHI:       4041/0/4075 MB DedicatedVideo/DedicatedSystem/SharedSystem, Outputs:1, VendorId:0x1002
[2020.05.02-02.54.28:630][  0]LogD3D11RHI:    1. 'Microsoft Basic Render Driver' (Feature Level 11_0)
[2020.05.02-02.54.28:630][  0]LogD3D11RHI:       0/0/4075 MB DedicatedVideo/DedicatedSystem/SharedSystem, Outputs:0, VendorId:0x1414
[2020.05.02-02.54.28:630][  0]LogD3D11RHI: Chosen D3D11 Adapter: 0
[2020.05.02-02.54.28:703][  0]LogD3D11RHI: Creating new Direct3DDevice
[2020.05.02-02.54.28:703][  0]LogD3D11RHI:     GPU DeviceId: 0x67ef (for the marketing name, search the web for "GPU Device Id")
[2020.05.02-02.54.28:703][  0]LogWindows: EnumDisplayDevices:
[2020.05.02-02.54.28:704][  0]LogWindows:    0. 'Radeon(TM) RX 460 Graphics' (P:1 D:1)
[2020.05.02-02.54.28:705][  0]LogWindows:    1. 'Radeon(TM) RX 460 Graphics' (P:0 D:0)
[2020.05.02-02.54.28:705][  0]LogWindows:    2. 'Radeon(TM) RX 460 Graphics' (P:0 D:0)
[2020.05.02-02.54.28:706][  0]LogWindows:    3. 'Radeon(TM) RX 460 Graphics' (P:0 D:0)
[2020.05.02-02.54.28:707][  0]LogWindows:    4. 'Radeon(TM) RX 460 Graphics' (P:0 D:0)
[2020.05.02-02.54.28:708][  0]LogWindows:    5. 'Radeon(TM) RX 460 Graphics' (P:0 D:0)
[2020.05.02-02.54.28:708][  0]LogWindows:    6. 'Radeon(TM) RX 460 Graphics' (P:0 D:0)
[2020.05.02-02.54.28:709][  0]LogWindows: DebugString: FoundDriverCount:7 
[2020.05.02-02.54.28:709][  0]LogD3D11RHI:     Adapter Name: Radeon(TM) RX 460 Graphics
[2020.05.02-02.54.28:709][  0]LogD3D11RHI:   Driver Version: Adrenalin 19.20 (internal:26.20.12028.2, unified:26.20.12028.2)
[2020.05.02-02.54.28:709][  0]LogD3D11RHI:      Driver Date: 8-16-2019
[2020.05.02-02.54.28:709][  0]LogRHI: Texture pool is 2828 MB (70% of 4041 MB)
[2020.05.02-02.54.29:288][  0]LogD3D11RHI: RHI does not have support for 64 bit atomics
[2020.05.02-02.54.29:288][  0]LogD3D11RHI: Async texture creation enabled
[2020.05.02-02.54.29:660][  0]LogD3D11RHI: GPU Timing Frequency: 25.000000 (Debug: 2 1)
[2020.05.02-02.54.31:472][  0]LogTargetPlatformManager: Display: Loaded TargetPlatform 'AllDesktop'
[2020.05.02-02.54.31:719][  0]LogTargetPlatformManager: Display: Loaded TargetPlatform 'Android'
[2020.05.02-02.54.31:719][  0]LogTargetPlatformManager: Display: Loaded TargetPlatform 'Android_ASTC'
[2020.05.02-02.54.31:719][  0]LogTargetPlatformManager: Display: Loaded TargetPlatform 'Android_ATC'
[2020.05.02-02.54.31:719][  0]LogTargetPlatformManager: Display: Loaded TargetPlatform 'Android_DXT'
[2020.05.02-02.54.31:719][  0]LogTargetPlatformManager: Display: Loaded TargetPlatform 'Android_ETC1'
[2020.05.02-02.54.31:719][  0]LogTargetPlatformManager: Display: Loaded TargetPlatform 'Android_ETC1a'
[2020.05.02-02.54.31:719][  0]LogTargetPlatformManager: Display: Loaded TargetPlatform 'Android_ETC2'
[2020.05.02-02.54.31:719][  0]LogTargetPlatformManager: Display: Loaded TargetPlatform 'Android_PVRTC'
[2020.05.02-02.54.31:719][  0]LogTargetPlatformManager: Display: Loaded TargetPlatform 'AndroidClient'
[2020.05.02-02.54.31:719][  0]LogTargetPlatformManager: Display: Loaded TargetPlatform 'Android_ASTCClient'
[2020.05.02-02.54.31:719][  0]LogTargetPlatformManager: Display: Loaded TargetPlatform 'Android_ATCClient'
[2020.05.02-02.54.31:719][  0]LogTargetPlatformManager: Display: Loaded TargetPlatform 'Android_DXTClient'
[2020.05.02-02.54.31:719][  0]LogTargetPlatformManager: Display: Loaded TargetPlatform 'Android_ETC1Client'
[2020.05.02-02.54.31:720][  0]LogTargetPlatformManager: Display: Loaded TargetPlatform 'Android_ETC1aClient'
[2020.05.02-02.54.31:720][  0]LogTargetPlatformManager: Display: Loaded TargetPlatform 'Android_ETC2Client'
[2020.05.02-02.54.31:720][  0]LogTargetPlatformManager: Display: Loaded TargetPlatform 'Android_PVRTCClient'
[2020.05.02-02.54.31:720][  0]LogTargetPlatformManager: Display: Loaded TargetPlatform 'Android_Multi'
[2020.05.02-02.54.31:720][  0]LogTargetPlatformManager: Display: Loaded TargetPlatform 'Android_MultiClient'
[2020.05.02-02.54.32:028][  0]LogTargetPlatformManager: Display: Loaded TargetPlatform 'IOSClient'
[2020.05.02-02.54.32:028][  0]LogTargetPlatformManager: Display: Loaded TargetPlatform 'IOS'
[2020.05.02-02.54.32:153][  0]LogTargetPlatformManager: Display: Loaded TargetPlatform 'LinuxNoEditor'
[2020.05.02-02.54.32:258][  0]LogTargetPlatformManager: Display: Loaded TargetPlatform 'LinuxClient'
[2020.05.02-02.54.32:353][  0]LogTargetPlatformManager: Display: Loaded TargetPlatform 'LinuxServer'
[2020.05.02-02.54.32:465][  0]LogTargetPlatformManager: Display: Loaded TargetPlatform 'LinuxAArch64NoEditor'
[2020.05.02-02.54.32:572][  0]LogTargetPlatformManager: Display: Loaded TargetPlatform 'LinuxAArch64Client'
[2020.05.02-02.54.32:707][  0]LogTargetPlatformManager: Display: Loaded TargetPlatform 'LinuxAArch64Server'
[2020.05.02-02.54.32:793][  0]LogTargetPlatformManager: Display: Loaded TargetPlatform 'Lumin'
[2020.05.02-02.54.32:793][  0]LogTargetPlatformManager: Display: Loaded TargetPlatform 'LuminClient'
[2020.05.02-02.54.32:869][  0]LogTargetPlatformManager: Display: Loaded TargetPlatform 'TVOSClient'
[2020.05.02-02.54.32:869][  0]LogTargetPlatformManager: Display: Loaded TargetPlatform 'TVOS'
[2020.05.02-02.54.32:934][  0]LogTargetPlatformManager: Display: Loaded TargetPlatform 'WindowsNoEditor'
[2020.05.02-02.54.32:976][  0]LogTargetPlatformManager: Display: Loaded TargetPlatform 'Windows'
[2020.05.02-02.54.33:011][  0]LogTargetPlatformManager: Display: Loaded TargetPlatform 'WindowsClient'
[2020.05.02-02.54.33:044][  0]LogTargetPlatformManager: Display: Loaded TargetPlatform 'WindowsServer'
[2020.05.02-02.54.33:044][  0]LogTargetPlatformManager: Display: Building Assets For Windows
[2020.05.02-02.54.33:352][  0]LogAudioDebug: Display: Lib vorbis DLL was dynamically loaded.
[2020.05.02-02.54.35:294][  0]LogShaderCompilers: Guid format shader working directory is -25 characters bigger than the processId version (../../../../../../Users/Delam/OneDrive/Documents/GitHub/CGLXJam/CGXJam/Intermediate/Shaders/WorkingDirectory/16304/).
[2020.05.02-02.54.35:295][  0]LogShaderCompilers: Cleaned the shader compiler working directory 'C:/Users/Delam/AppData/Local/Temp/UnrealShaderWorkingDir/28AB28884B77FC39A69BAD8B65506041/'.
[2020.05.02-02.54.35:427][  0]LogXGEController: Cleaning working directory: C:/Users/Delam/AppData/Local/Temp/UnrealXGEWorkingDir/
[2020.05.02-02.54.35:446][  0]LogXGEController: Cannot use XGE Controller as Incredibuild is not installed on this machine.
[2020.05.02-02.54.35:446][  0]LogShaderCompilers: Cannot use XGE Shader Compiler as Incredibuild is not installed on this machine.
[2020.05.02-02.54.35:446][  0]LogShaderCompilers: Display: Using Local Shader Compiler.
[2020.05.02-02.54.48:900][  0]LogDerivedDataCache: Display: Max Cache Size: 512 MB
[2020.05.02-02.54.50:010][  0]LogDerivedDataCache: Loaded boot cache 1.11s 82MB C:/Users/Delam/AppData/Local/UnrealEngine/4.24/DerivedDataCache/Boot.ddc.
[2020.05.02-02.54.50:011][  0]LogDerivedDataCache: Display: Loaded Boot cache: C:/Users/Delam/AppData/Local/UnrealEngine/4.24/DerivedDataCache/Boot.ddc
[2020.05.02-02.54.50:011][  0]LogDerivedDataCache: FDerivedDataBackendGraph:  Pak pak cache file ../../../../../../Users/Delam/OneDrive/Documents/GitHub/CGLXJam/CGXJam/DerivedDataCache/DDC.ddp not found, will not use a pak cache.
[2020.05.02-02.54.50:011][  0]LogDerivedDataCache: Unable to find inner node Pak for hierarchical cache Hierarchy.
[2020.05.02-02.54.50:011][  0]LogDerivedDataCache: FDerivedDataBackendGraph:  CompressedPak pak cache file ../../../../../../Users/Delam/OneDrive/Documents/GitHub/CGLXJam/CGXJam/DerivedDataCache/Compressed.ddp not found, will not use a pak cache.
[2020.05.02-02.54.50:011][  0]LogDerivedDataCache: Unable to find inner node CompressedPak for hierarchical cache Hierarchy.
[2020.05.02-02.54.50:082][  0]LogDerivedDataCache: Display: Pak cache opened for reading ../../../Engine/DerivedDataCache/Compressed.ddp.
[2020.05.02-02.54.50:082][  0]LogDerivedDataCache: FDerivedDataBackendGraph:  EnterprisePak pak cache file ../../../Enterprise/DerivedDataCache/Compressed.ddp not found, will not use a pak cache.
[2020.05.02-02.54.50:082][  0]LogDerivedDataCache: Unable to find inner node EnterprisePak for hierarchical cache Hierarchy.
[2020.05.02-02.54.50:084][  0]LogDerivedDataCache: Using Local data cache path C:/Users/Delam/AppData/Local/UnrealEngine/Common/DerivedDataCache: Writable
[2020.05.02-02.54.50:085][  0]LogDerivedDataCache: Shared data cache path not found in *engine.ini, will not use an Shared cache.
[2020.05.02-02.54.50:085][  0]LogDerivedDataCache: Unable to find inner node Shared for hierarchical cache Hierarchy.
[2020.05.02-02.54.50:293][  0]LogMaterial: Verifying Global Shaders for PCD3D_SM5
[2020.05.02-02.54.50:599][  0]LogSlate: Using FreeType 2.10.0
[2020.05.02-02.54.50:683][  0]LogSlate: SlateFontServices - WITH_FREETYPE: 1, WITH_HARFBUZZ: 1
[2020.05.02-02.54.52:300][  0]LogAssetRegistry: FAssetRegistry took 0.0067 seconds to start up
[2020.05.02-02.54.59:885][  0]LogInit: Selected Device Profile: [Windows]
[2020.05.02-02.55.01:999][  0]LogMeshReduction: Using QuadricMeshReduction for automatic static mesh reduction
[2020.05.02-02.55.01:999][  0]LogMeshReduction: Using SimplygonMeshReduction for automatic skeletal mesh reduction
[2020.05.02-02.55.02:000][  0]LogMeshReduction: Using ProxyLODMeshReduction for automatic mesh merging
[2020.05.02-02.55.02:000][  0]LogMeshReduction: No distributed automatic mesh merging module available
[2020.05.02-02.55.02:000][  0]LogMeshMerging: No distributed automatic mesh merging module available
[2020.05.02-02.55.02:898][  0]LogNetVersion: CGXJam 1.0.0, NetCL: 10570792, EngineNetVer: 13, GameNetVer: 0 (Checksum: 2130632310)
[2020.05.02-02.55.30:917][  0]LogPackageLocalizationCache: Processed 10 localized package path(s) for 1 prioritized culture(s) in 0.144617 seconds
[2020.05.02-02.55.30:975][  0]LogUObjectArray: 46750 objects as part of root set at end of initial load.
[2020.05.02-02.55.30:975][  0]LogUObjectAllocator: 8137160 out of 0 bytes used by permanent object pool.
[2020.05.02-02.55.30:975][  0]LogUObjectArray: CloseDisregardForGC: 0/0 objects in disregard for GC pool
[2020.05.02-02.55.37:266][  0]LogTcpMessaging: Initializing TcpMessaging bridge
[2020.05.02-02.55.37:305][  0]LogUdpMessaging: Initializing bridge on interface 0.0.0.0:0 to multicast group 230.0.0.1:6666.
[2020.05.02-02.55.39:613][  0]SourceControl: Source control is disabled
[2020.05.02-02.55.39:632][  0]SourceControl: Source control is disabled
[2020.05.02-02.55.39:799][  0]SourceControl: Source control is disabled
[2020.05.02-02.55.39:817][  0]SourceControl: Source control is disabled
[2020.05.02-02.55.39:835][  0]SourceControl: Source control is disabled
[2020.05.02-02.55.41:364][  0]LogAndroidPermission: UAndroidPermissionCallbackProxy::GetInstance
[2020.05.02-02.55.41:553][  0]LogAudioCaptureCore: Display: No Audio Capture implementations found. Audio input will be silent.
[2020.05.02-02.55.41:553][  0]LogAudioCaptureCore: Display: No Audio Capture implementations found. Audio input will be silent.
[2020.05.02-02.55.42:148][  0]LogOcInput: OculusInput pre-init called
[2020.05.02-02.55.42:237][  0]LogWindows: Failed to load 'OVRPlugin.dll' (GetLastError=126)
[2020.05.02-02.55.42:237][  0]LogWindows: File 'OVRPlugin.dll' does not exist
[2020.05.02-02.55.43:589][  0]LogEngine: Initializing Engine...
[2020.05.02-02.55.43:606][  0]LogHMD: Failed to initialize OpenVR with code 110
[2020.05.02-02.55.43:639][  0]LogStats: UGameplayTagsManager::InitializeManager -  0.018 s
[2020.05.02-02.55.44:967][  0]LogInit: Initializing FReadOnlyCVARCache
[2020.05.02-02.55.45:419][  0]LogAIModule: Creating AISystem for world Untitled
[2020.05.02-02.55.45:682][  0]LogAudioMixer: Display: Audio Mixer Platform Settings:
[2020.05.02-02.55.45:682][  0]LogAudioMixer: Display: 	Sample Rate:						  48000
[2020.05.02-02.55.45:682][  0]LogAudioMixer: Display: 	Callback Buffer Frame Size Requested: 1024
[2020.05.02-02.55.45:682][  0]LogAudioMixer: Display: 	Callback Buffer Frame Size To Use:	  1024
[2020.05.02-02.55.45:682][  0]LogAudioMixer: Display: 	Number of buffers to queue:			  2
[2020.05.02-02.55.45:682][  0]LogAudioMixer: Display: 	Max Channels (voices):				  32
[2020.05.02-02.55.45:682][  0]LogAudioMixer: Display: 	Number of Async Source Workers:		  0
[2020.05.02-02.55.45:683][  0]LogAudio: Display: AudioDevice MaxSources: 32
[2020.05.02-02.55.45:698][  0]LogAudio: Display: Using built-in audio occlusion.
[2020.05.02-02.55.45:698][  0]LogAudioMixer: Display: Initializing audio mixer.
[2020.05.02-02.55.45:903][  0]LogAudioMixer: Display: Audio Device Output Speaker Info:
[2020.05.02-02.55.45:903][  0]LogAudioMixer: Display: Name: Speakers (2- Sennheiser USB headset)
[2020.05.02-02.55.45:903][  0]LogAudioMixer: Display: Is Default: Yes
[2020.05.02-02.55.45:903][  0]LogAudioMixer: Display: Sample Rate: 48000
[2020.05.02-02.55.45:903][  0]LogAudioMixer: Display: Channel Count Used: 2
[2020.05.02-02.55.45:903][  0]LogAudioMixer: Display: Device Channel Count: 2
[2020.05.02-02.55.45:903][  0]LogAudioMixer: Display: Channel Order:
[2020.05.02-02.55.45:903][  0]LogAudioMixer: Display: 0: FrontLeft
[2020.05.02-02.55.45:903][  0]LogAudioMixer: Display: 1: FrontRight
[2020.05.02-02.55.45:954][  0]LogAudioMixer: Display: Using Audio Device Speakers (2- Sennheiser USB headset)
[2020.05.02-02.55.46:003][  0]LogInit: FAudioDevice initialized.
[2020.05.02-02.55.46:003][  0]LogNetVersion: Set ProjectVersion to 1.0.0.0. Version Checksum will be recalculated on next use.
[2020.05.02-02.55.46:320][  0]LogDerivedDataCache: Saved boot cache 0.32s 82MB C:/Users/Delam/AppData/Local/UnrealEngine/4.24/DerivedDataCache/Boot.ddc.
[2020.05.02-02.55.46:322][  0]LogInit: Texture streaming: Enabled
[2020.05.02-02.55.46:454][  0]LogEngineSessionManager: EngineSessionManager initialized
[2020.05.02-02.55.46:454][  0]LogEditorSessionSummary: Verbose: Initializing EditorSessionSummaryWriter for editor session tracking
[2020.05.02-02.55.46:471][  0]LogEditorSessionSummary: EditorSessionSummaryWriter initialized
[2020.05.02-02.55.47:073][  0]LogInit: Transaction tracking system initialized
[2020.05.02-02.55.47:999][  0]BlueprintLog: New page: Editor Load
[2020.05.02-02.55.49:949][  0]LocalizationService: Localization service is disabled
[2020.05.02-02.56.00:035][  0]LogFileCache: Scanning file cache for directory 'C:/Users/Delam/OneDrive/Documents/GitHub/CGLXJam/CGXJam/Content/' took 0.06s
[2020.05.02-02.56.00:035][  0]LogCook: Display: Max memory allowance for cook 16384mb min free memory 0mb
[2020.05.02-02.56.00:035][  0]LogCook: Display: Mobile HDR setting 1
[2020.05.02-02.56.06:735][  0]SourceControl: Source control is disabled
[2020.05.02-02.56.07:106][  0]LogSlate: Took 0.018056 seconds to synchronously load lazily loaded font '../../../Engine/Content/Slate/Fonts/Roboto-Regular.ttf' (155K)
[2020.05.02-02.56.18:387][  0]LogSlate: Window 'Restore Packages' being destroyed
[2020.05.02-02.56.18:404][  0]LogWindowsTextInputMethodSystem: Display: IME system now deactivated.
[2020.05.02-02.56.18:630][  0]LogWindowsTextInputMethodSystem: Display: IME system now deactivated.
[2020.05.02-02.56.21:227][  0]LogSlate: Window 'Unable to Check Out From Source Control!' being destroyed
[2020.05.02-02.56.21:228][  0]LogWindowsTextInputMethodSystem: Display: IME system now deactivated.
[2020.05.02-02.56.21:330][  0]LogWindowsTextInputMethodSystem: Display: IME system now deactivated.
[2020.05.02-02.56.21:586][  0]Cmd: MAP LOAD FILE="../../../../../../Users/Delam/OneDrive/Documents/GitHub/CGLXJam/CGXJam/Content/ThirdPersonCPP/Maps/ThirdPersonExampleMap.umap" TEMPLATE=0 SHOWPROGRESS=1 FEATURELEVEL=3
[2020.05.02-02.56.21:617][  0]LightingResults: New page: Lighting Build
[2020.05.02-02.56.21:788][  0]LogWorld: UWorld::CleanupWorld for Untitled, bSessionEnded=true, bCleanupResources=true
[2020.05.02-02.56.21:833][  0]LogSlate: InvalidateAllWidgets triggered.  All widgets were invalidated
[2020.05.02-02.56.21:869][  0]MapCheck: New page: Map Check
[2020.05.02-02.56.21:869][  0]LightingResults: New page: Lighting Build
[2020.05.02-02.56.22:754][  0]LogUObjectHash: Compacting FUObjectHashTables data took   4.14ms
[2020.05.02-02.56.24:639][  0]LogAIModule: Creating AISystem for world ThirdPersonExampleMap
[2020.05.02-02.56.26:291][  0]LogEditorServer: Finished looking for orphan Actors (0.000 secs)
[2020.05.02-02.56.26:739][  0]LogUObjectHash: Compacting FUObjectHashTables data took   6.21ms
[2020.05.02-02.56.26:753][  0]Cmd: MAP CHECKDEP NOCLEARLOG
[2020.05.02-02.56.26:783][  0]MapCheck: Map check complete: 0 Error(s), 0 Warning(s), took 29.753ms to complete.
[2020.05.02-02.56.26:808][  0]LogFileHelpers: Loading map 'ThirdPersonExampleMap' took 5.446
[2020.05.02-02.56.30:278][  0]LogSlate: Updating window title bar state: overlay mode, drag disabled, window buttons hidden, title bar hidden
[2020.05.02-02.56.30:910][  0]LogSlate: Updating window title bar state: overlay mode, drag disabled, window buttons hidden, title bar hidden
[2020.05.02-02.56.30:930][  0]LogSlate: Updating window title bar state: overlay mode, drag disabled, window buttons hidden, title bar hidden
[2020.05.02-02.56.30:945][  0]LogSlate: Updating window title bar state: overlay mode, drag disabled, window buttons hidden, title bar hidden
[2020.05.02-02.56.31:240][  0]LogCollectionManager: Loaded 0 collections in 0.003435 seconds
[2020.05.02-02.56.31:596][  0]LogFileCache: Scanning file cache for directory 'C:/Users/Delam/OneDrive/Documents/GitHub/CGLXJam/CGXJam/Saved/Collections/' took 0.00s
[2020.05.02-02.56.31:596][  0]LogFileCache: Scanning file cache for directory 'C:/Users/Delam/OneDrive/Documents/GitHub/CGLXJam/CGXJam/Content/Developers/Delam/Collections/' took 0.00s
[2020.05.02-02.56.31:596][  0]LogFileCache: Scanning file cache for directory 'C:/Users/Delam/OneDrive/Documents/GitHub/CGLXJam/CGXJam/Content/Collections/' took 0.00s
[2020.05.02-02.56.31:596][  0]LogContentBrowser: Native class hierarchy populated in 0.1012 seconds. Added 3018 classes and 719 folders.
[2020.05.02-02.56.31:808][  0]LogContentBrowser: Native class hierarchy updated for 'WidgetCarousel' in 0.0007 seconds. Added 0 classes and 0 folders.
[2020.05.02-02.56.34:500][  0]LogContentBrowser: Native class hierarchy updated for 'AddContentDialog' in 0.0007 seconds. Added 0 classes and 0 folders.
[2020.05.02-02.56.34:816][  0]LogContentBrowser: Native class hierarchy updated for 'SceneOutliner' in 0.0006 seconds. Added 2 classes and 3 folders.
[2020.05.02-02.56.40:785][  0]LogSlate: Took 0.044420 seconds to synchronously load lazily loaded font '../../../Engine/Content/Slate/Fonts/Roboto-Bold.ttf' (160K)
[2020.05.02-02.56.40:981][  0]LogSlate: Took 0.015373 seconds to synchronously load lazily loaded font '../../../Engine/Content/Editor/Slate/Fonts/FontAwesome.ttf' (139K)
[2020.05.02-02.56.41:842][  0]LogRenderer: Reallocating scene render targets to support 1056x556 Format 9 NumSamples 1 (Frame:1).
[2020.05.02-02.56.43:235][  0]LogContentBrowser: Native class hierarchy updated for 'HierarchicalLODOutliner' in 0.0015 seconds. Added 0 classes and 0 folders.
[2020.05.02-02.56.43:236][  0]LogLoad: (Engine Initialization) Total time: 252.98 seconds
[2020.05.02-02.56.43:236][  0]LogLoad: (Engine Initialization) Total Blueprint compile time: 0.00 seconds
[2020.05.02-02.56.44:188][  0]LogContentStreaming: Texture pool size now 600 MB
[2020.05.02-02.56.44:640][  0]LogSlate: Took 0.035571 seconds to synchronously load lazily loaded font '../../../Engine/Content/Slate/Fonts/Roboto-Light.ttf' (167K)
[2020.05.02-02.56.45:553][  2]LogSlate: Took 0.000355 seconds to synchronously load lazily loaded font '../../../Engine/Content/Slate/Fonts/Roboto-Light.ttf' (167K)
[2020.05.02-02.56.47:647][ 16]LogEditorViewport: Clicking on Actor (context menu): StaticMeshActor (Linear_Stair_StaticMesh)
[2020.05.02-02.56.55:177][ 32]LogAssetRegistry: Asset discovery search completed in 122.8784 seconds
[2020.05.02-02.56.55:282][ 32]LogCollectionManager: Fixed up redirectors for 0 collections in 0.011605 seconds (updated 0 objects)
[2020.05.02-03.06.43:704][615]LogUObjectHash: Compacting FUObjectHashTables data took   2.06ms
[2020.05.02-03.06.45:164][615]LogSavePackage: Moving '../../../../../../Users/Delam/OneDrive/Documents/GitHub/CGLXJam/CGXJam/Saved/ThirdPersonExampleMap_Auto1AA5992A1482385722A2C38819054DA0D.tmp' to '../../../../../../Users/Delam/OneDrive/Documents/GitHub/CGLXJam/CGXJam/Saved/Autosaves/Game/ThirdPersonCPP/Maps/ThirdPersonExampleMap_Auto1.umap'
[2020.05.02-03.06.45:372][615]LogFileHelpers: Editor autosave (incl. sublevels) for '/Game/ThirdPersonCPP/Maps/ThirdPersonExampleMap' took 1.778
[2020.05.02-03.06.45:372][615]LogFileHelpers: Editor autosave (incl. sublevels) for all levels took 1.778
[2020.05.02-03.26.31:120][406]LogEditorViewport: Clicking on Actor (LMB): StaticMeshActor (Floor)
[2020.05.02-03.26.31:691][424]LogEditorViewport: Clicking on Actor (LMB): StaticMeshActor (Wall7)
[2020.05.02-03.26.35:991][686]LogEditorViewport: Clicking on Actor (LMB): StaticMeshActor (RightArm_StaticMesh)
[2020.05.02-03.26.36:337][694]Cmd: DELETE
[2020.05.02-03.26.36:337][694]Cmd: ACTOR DELETE
[2020.05.02-03.26.36:775][694]LogEditorActor: Deleted Actor: StaticMeshActor
[2020.05.02-03.26.36:966][694]LogUObjectHash: Compacting FUObjectHashTables data took   4.75ms
[2020.05.02-03.26.36:971][694]LogEditorActor: Deleted 1 Actors (0.248 secs)
[2020.05.02-03.26.36:977][694]LogEditorViewport: Clicking on Actor (LMB): StaticMeshActor (Ramp_StaticMesh)
[2020.05.02-03.26.37:444][721]Cmd: DELETE
[2020.05.02-03.26.37:444][721]Cmd: ACTOR DELETE
[2020.05.02-03.26.37:448][721]LogEditorActor: Deleted Actor: StaticMeshActor
[2020.05.02-03.26.37:545][721]LogUObjectHash: Compacting FUObjectHashTables data took   4.72ms
[2020.05.02-03.26.37:548][721]LogEditorActor: Deleted 1 Actors (0.104 secs)
[2020.05.02-03.26.37:936][753]LogEditorViewport: Clicking on Actor (LMB): SphereReflectionCapture (SphereReflectionCapture)
[2020.05.02-03.26.38:225][753]Cmd: DELETE
[2020.05.02-03.26.38:225][753]Cmd: ACTOR DELETE
[2020.05.02-03.26.38:227][753]LogEditorActor: Deleted Actor: SphereReflectionCapture
[2020.05.02-03.26.38:356][753]LogUObjectHash: Compacting FUObjectHashTables data took   1.80ms
[2020.05.02-03.26.38:358][753]LogEditorActor: Deleted 1 Actors (0.133 secs)
[2020.05.02-03.26.39:159][807]LogEditorViewport: Clicking on Actor (LMB): StaticMeshActor (Bump_StaticMesh)
[2020.05.02-03.26.39:613][832]Cmd: DELETE
[2020.05.02-03.26.39:614][832]Cmd: ACTOR DELETE
[2020.05.02-03.26.39:616][832]LogEditorActor: Deleted Actor: StaticMeshActor
[2020.05.02-03.26.39:716][832]LogUObjectHash: Compacting FUObjectHashTables data took   1.63ms
[2020.05.02-03.26.39:718][832]LogEditorActor: Deleted 1 Actors (0.104 secs)
[2020.05.02-03.26.40:055][860]LogEditorViewport: Clicking on Actor (LMB): StaticMeshActor (LeftArm_StaticMesh)
[2020.05.02-03.26.40:423][881]Cmd: DELETE
[2020.05.02-03.26.40:423][881]Cmd: ACTOR DELETE
[2020.05.02-03.26.40:425][881]LogEditorActor: Deleted Actor: StaticMeshActor
[2020.05.02-03.26.40:525][881]LogUObjectHash: Compacting FUObjectHashTables data took   2.33ms
[2020.05.02-03.26.40:526][881]LogEditorActor: Deleted 1 Actors (0.104 secs)
[2020.05.02-03.26.41:363][950]LogEditorViewport: Clicking on Actor (LMB): StaticMeshActor (Linear_Stair_StaticMesh)
[2020.05.02-03.26.41:495][954]Cmd: DELETE
[2020.05.02-03.26.41:495][954]Cmd: ACTOR DELETE
[2020.05.02-03.26.41:497][954]LogEditorActor: Deleted Actor: StaticMeshActor
[2020.05.02-03.26.41:589][954]LogUObjectHash: Compacting FUObjectHashTables data took   1.49ms
[2020.05.02-03.26.41:591][954]LogEditorActor: Deleted 1 Actors (0.096 secs)
[2020.05.02-03.26.42:013][989]LogEditorViewport: Clicking on Actor (LMB): StaticMeshActor (1M_Cube_Chamfer)
[2020.05.02-03.26.42:111][991]Cmd: DELETE
[2020.05.02-03.26.42:111][991]Cmd: ACTOR DELETE
[2020.05.02-03.26.42:114][991]LogEditorActor: Deleted Actor: StaticMeshActor
[2020.05.02-03.26.42:218][991]LogUObjectHash: Compacting FUObjectHashTables data took   1.42ms
[2020.05.02-03.26.42:219][991]LogEditorActor: Deleted 1 Actors (0.108 secs)
[2020.05.02-03.26.46:550][348]LogEditorViewport: Clicking on Actor (LMB): StaticMeshActor (Floor)
[2020.05.02-03.26.49:579][533]Cmd: DELETE
[2020.05.02-03.26.49:579][533]Cmd: ACTOR DELETE
[2020.05.02-03.26.49:582][533]LogEditorActor: Deleted Actor: StaticMeshActor
[2020.05.02-03.26.49:677][533]LogUObjectHash: Compacting FUObjectHashTables data took   2.72ms
[2020.05.02-03.26.49:678][533]LogEditorActor: Deleted 1 Actors (0.099 secs)
[2020.05.02-03.26.59:947][350]LogActorFactory: Actor Factory created Plane
[2020.05.02-03.27.01:076][431]LogActorFactory: Actor Factory created Plane
[2020.05.02-03.27.30:797][441]LogEditorViewport: Clicking on Actor (LMB): StaticMeshActor (Plane)
[2020.05.02-03.27.53:406][962]Cmd: TRANSACTION UNDO
[2020.05.02-03.27.53:406][962]LogEditorTransaction: Undo Move Actors
[2020.05.02-03.28.10:055][981]LogActorFactory: Actor Factory created Cylinder
[2020.05.02-03.28.12:053][103]LogActorFactory: Actor Factory created Cylinder
[2020.05.02-03.28.17:295][463]Cmd: EDIT COPY
[2020.05.02-03.28.17:733][481]Cmd: EDIT PASTE
[2020.05.02-03.28.39:525][106]LogActorFactory: Actor Factory created Plane
[2020.05.02-03.28.41:584][227]LogActorFactory: Actor Factory created Plane
[2020.05.02-03.28.52:784][940]Cmd: EDIT COPY
[2020.05.02-03.28.53:150][963]Cmd: EDIT PASTE
[2020.05.02-03.28.58:865][322]LogEditorViewport: Clicking on Actor (CTRL LMB): StaticMeshActor (Plane2)
[2020.05.02-03.28.59:946][385]Cmd: EDIT COPY
[2020.05.02-03.29.01:304][477]Cmd: EDIT PASTE
[2020.05.02-03.29.06:517][813]Cmd: EDIT PASTE
[2020.05.02-03.29.10:370][ 45]LogEditorViewport: Clicking on Actor (CTRL LMB): StaticMeshActor (Plane5)
[2020.05.02-03.29.10:834][ 70]LogEditorViewport: Clicking on Actor (CTRL LMB): StaticMeshActor (Plane4)
[2020.05.02-03.29.11:640][119]LogEditorViewport: Clicking on Actor (CTRL LMB): StaticMeshActor (Plane3)
[2020.05.02-03.29.12:567][177]LogEditorViewport: Clicking on Actor (CTRL LMB): StaticMeshActor (Plane2)
[2020.05.02-03.29.13:509][236]Cmd: EDIT PASTE
[2020.05.02-03.29.18:305][509]Cmd: EDIT COPY
[2020.05.02-03.29.18:506][522]Cmd: EDIT PASTE
[2020.05.02-03.29.23:291][789]Cmd: EDIT COPY
[2020.05.02-03.29.23:644][808]Cmd: EDIT PASTE
[2020.05.02-03.29.42:265][574]Cmd: EDIT PASTE
[2020.05.02-03.29.49:671][915]Cmd: EDIT PASTE
[2020.05.02-03.29.49:757][916]Cmd: EDIT PASTE
[2020.05.02-03.30.02:790][461]LogEditorViewport: Clicking on Actor (LMB): StaticMeshActor (Cylinder2)
[2020.05.02-03.30.33:738][ 13]LogEditorViewport: Clicking on Actor (CTRL LMB): StaticMeshActor (Plane33)
[2020.05.02-03.31.12:775][585]LogActorFactory: Actor Factory created Cube
[2020.05.02-03.31.13:728][608]LogActorFactory: Actor Factory created Cube
[2020.05.02-03.31.14:314][624]LogActorFactory: Actor Factory created Cube
[2020.05.02-03.31.19:983][804]LogEditorViewport: Clicking on Actor (context menu): StaticMeshActor (Plane9)
[2020.05.02-03.31.22:977][939]LogEditorViewport: Clicking on Actor (LMB): StaticMeshActor (Cube)
[2020.05.02-03.31.26:592][ 60]LogSlate: Took 0.016585 seconds to synchronously load lazily loaded font '../../../Engine/Content/Slate/Fonts/Roboto-Italic.ttf' (157K)
[2020.05.02-03.32.25:209][485]LogEditorViewport: Clicking on Actor (LMB): StaticMeshActor (Plane9)
[2020.05.02-03.32.26:547][553]LogEditorViewport: Clicking on Actor (CTRL LMB): StaticMeshActor (Plane8)
[2020.05.02-03.33.56:758][ 35]LogUObjectHash: Compacting FUObjectHashTables data took   3.17ms
[2020.05.02-03.33.57:152][ 35]LogSavePackage: Moving '../../../../../../Users/Delam/OneDrive/Documents/GitHub/CGLXJam/CGXJam/Saved/ThirdPersonExampleMap_Auto29622152B490B2D04895CCBAA20A92546.tmp' to '../../../../../../Users/Delam/OneDrive/Documents/GitHub/CGLXJam/CGXJam/Saved/Autosaves/Game/ThirdPersonCPP/Maps/ThirdPersonExampleMap_Auto2.umap'
[2020.05.02-03.33.57:161][ 35]LogFileHelpers: Editor autosave (incl. sublevels) for '/Game/ThirdPersonCPP/Maps/ThirdPersonExampleMap' took 0.505
[2020.05.02-03.33.57:161][ 35]LogFileHelpers: Editor autosave (incl. sublevels) for all levels took 0.505
[2020.05.02-03.34.26:920][309]LogEditorViewport: Clicking on Actor (LMB): StaticMeshActor (Cube)
[2020.05.02-03.34.30:568][442]Cmd: EDIT COPY
[2020.05.02-03.34.32:573][515]Cmd: EDIT PASTE
[2020.05.02-03.35.48:363][557]LogEditorViewport: Clicking on Actor (LMB): StaticMeshActor (Wall8)
[2020.05.02-03.35.49:125][584]LogEditorViewport: Clicking on Actor (LMB): StaticMeshActor (Plane29)
[2020.05.02-03.35.51:027][654]Cmd: DELETE
[2020.05.02-03.35.51:027][654]Cmd: ACTOR DELETE
[2020.05.02-03.35.51:031][654]LogEditorActor: Deleted Actor: StaticMeshActor
[2020.05.02-03.35.51:135][654]LogUObjectHash: Compacting FUObjectHashTables data took   6.46ms
[2020.05.02-03.35.51:137][654]LogEditorActor: Deleted 1 Actors (0.109 secs)
[2020.05.02-03.35.51:585][676]LogEditorViewport: Clicking on Actor (LMB): StaticMeshActor (Plane33)
[2020.05.02-03.35.51:996][690]Cmd: DELETE
[2020.05.02-03.35.51:996][690]Cmd: ACTOR DELETE
[2020.05.02-03.35.52:000][690]LogEditorActor: Deleted Actor: StaticMeshActor
[2020.05.02-03.35.52:094][690]LogUObjectHash: Compacting FUObjectHashTables data took   2.25ms
[2020.05.02-03.35.52:095][690]LogEditorActor: Deleted 1 Actors (0.099 secs)
[2020.05.02-03.35.52:535][711]LogEditorViewport: Clicking on Actor (LMB): StaticMeshActor (Plane28)
[2020.05.02-03.35.52:774][718]Cmd: DELETE
[2020.05.02-03.35.52:774][718]Cmd: ACTOR DELETE
[2020.05.02-03.35.52:779][718]LogEditorActor: Deleted Actor: StaticMeshActor
[2020.05.02-03.35.52:857][718]LogUObjectHash: Compacting FUObjectHashTables data took   2.06ms
[2020.05.02-03.35.52:858][718]LogEditorActor: Deleted 1 Actors (0.083 secs)
[2020.05.02-03.35.53:367][743]LogEditorViewport: Clicking on Actor (LMB): StaticMeshActor (Plane30)
[2020.05.02-03.35.53:759][757]Cmd: DELETE
[2020.05.02-03.35.53:759][757]Cmd: ACTOR DELETE
[2020.05.02-03.35.53:764][757]LogEditorActor: Deleted Actor: StaticMeshActor
[2020.05.02-03.35.53:865][757]LogUObjectHash: Compacting FUObjectHashTables data took   2.45ms
[2020.05.02-03.35.53:867][757]LogEditorActor: Deleted 1 Actors (0.107 secs)
[2020.05.02-03.35.55:031][812]Cmd: DELETE
[2020.05.02-03.35.55:031][812]Cmd: ACTOR DELETE
[2020.05.02-03.35.55:038][812]LogEditorActor: Deleted Actor: StaticMeshActor
[2020.05.02-03.35.55:121][812]LogUObjectHash: Compacting FUObjectHashTables data took   2.10ms
[2020.05.02-03.35.55:123][812]LogEditorActor: Deleted 1 Actors (0.091 secs)
[2020.05.02-03.35.55:861][846]Cmd: DELETE
[2020.05.02-03.35.55:861][846]Cmd: ACTOR DELETE
[2020.05.02-03.35.55:865][846]LogEditorActor: Deleted Actor: StaticMeshActor
[2020.05.02-03.35.55:962][846]LogUObjectHash: Compacting FUObjectHashTables data took   1.30ms
[2020.05.02-03.35.55:963][846]LogEditorActor: Deleted 1 Actors (0.102 secs)
[2020.05.02-03.35.56:620][878]Cmd: DELETE
[2020.05.02-03.35.56:620][878]Cmd: ACTOR DELETE
[2020.05.02-03.35.56:622][878]LogEditorActor: Deleted Actor: StaticMeshActor
[2020.05.02-03.35.56:731][878]LogUObjectHash: Compacting FUObjectHashTables data took   3.42ms
[2020.05.02-03.35.56:733][878]LogEditorActor: Deleted 1 Actors (0.113 secs)
[2020.05.02-03.36.01:891][104]LogEditorViewport: Clicking on Actor (LMB): StaticMeshActor (Plane24)
[2020.05.02-03.36.02:706][128]Cmd: DELETE
[2020.05.02-03.36.02:706][128]Cmd: ACTOR DELETE
[2020.05.02-03.36.02:712][128]LogEditorActor: Deleted Actor: StaticMeshActor
[2020.05.02-03.36.02:809][128]LogUObjectHash: Compacting FUObjectHashTables data took   2.97ms
[2020.05.02-03.36.02:811][128]LogEditorActor: Deleted 1 Actors (0.104 secs)
[2020.05.02-03.36.03:102][141]LogEditorViewport: Clicking on Actor (LMB): StaticMeshActor (Plane21)
[2020.05.02-03.36.03:262][143]Cmd: DELETE
[2020.05.02-03.36.03:262][143]Cmd: ACTOR DELETE
[2020.05.02-03.36.03:267][143]LogEditorActor: Deleted Actor: StaticMeshActor
[2020.05.02-03.36.03:356][143]LogUObjectHash: Compacting FUObjectHashTables data took   2.04ms
[2020.05.02-03.36.03:357][143]LogEditorActor: Deleted 1 Actors (0.095 secs)
[2020.05.02-03.36.03:775][162]LogEditorViewport: Clicking on Actor (LMB): StaticMeshActor (Plane17)
[2020.05.02-03.36.03:921][164]Cmd: DELETE
[2020.05.02-03.36.03:921][164]Cmd: ACTOR DELETE
[2020.05.02-03.36.03:926][164]LogEditorActor: Deleted Actor: StaticMeshActor
[2020.05.02-03.36.04:007][164]LogUObjectHash: Compacting FUObjectHashTables data took   4.30ms
[2020.05.02-03.36.04:009][164]LogEditorActor: Deleted 1 Actors (0.088 secs)
[2020.05.02-03.36.04:495][186]LogEditorViewport: Clicking on Actor (LMB): StaticMeshActor (Plane11)
[2020.05.02-03.36.04:841][196]Cmd: DELETE
[2020.05.02-03.36.04:841][196]Cmd: ACTOR DELETE
[2020.05.02-03.36.04:847][196]LogEditorActor: Deleted Actor: StaticMeshActor
[2020.05.02-03.36.04:949][196]LogUObjectHash: Compacting FUObjectHashTables data took   1.35ms
[2020.05.02-03.36.04:950][196]LogEditorActor: Deleted 1 Actors (0.108 secs)
[2020.05.02-03.36.05:219][206]LogEditorViewport: Clicking on Actor (LMB): StaticMeshActor (Plane14)
[2020.05.02-03.36.05:443][211]Cmd: DELETE
[2020.05.02-03.36.05:443][211]Cmd: ACTOR DELETE
[2020.05.02-03.36.05:449][211]LogEditorActor: Deleted Actor: StaticMeshActor
[2020.05.02-03.36.05:549][211]LogUObjectHash: Compacting FUObjectHashTables data took   3.04ms
[2020.05.02-03.36.05:551][211]LogEditorActor: Deleted 1 Actors (0.108 secs)
[2020.05.02-03.36.06:215][243]LogEditorViewport: Clicking on Actor (LMB): StaticMeshActor (Plane5)
[2020.05.02-03.36.06:939][270]Cmd: DELETE
[2020.05.02-03.36.06:940][270]Cmd: ACTOR DELETE
[2020.05.02-03.36.06:943][270]LogEditorActor: Deleted Actor: StaticMeshActor
[2020.05.02-03.36.07:047][270]LogUObjectHash: Compacting FUObjectHashTables data took   1.47ms
[2020.05.02-03.36.07:048][270]LogEditorActor: Deleted 1 Actors (0.108 secs)
[2020.05.02-03.36.07:821][308]LogEditorViewport: Clicking on Actor (LMB): StaticMeshActor (Cube)
[2020.05.02-03.36.49:147][136]LogEditorViewport: Clicking on Actor (LMB): StaticMeshActor (Plane7)
[2020.05.02-03.36.52:885][318]LogEditorViewport: Clicking on Actor (LMB): StaticMeshActor (Plane39)
[2020.05.02-03.37.42:735][850]LogEditorViewport: Clicking on Actor (LMB): StaticMeshActor (Cube)
[2020.05.02-03.37.50:737][263]LogEditorViewport: Clicking on Actor (LMB): StaticMeshActor (Wall7)
[2020.05.02-03.38.33:457][391]LogActorFactory: Actor Factory created Cube
[2020.05.02-03.38.34:357][432]LogActorFactory: Actor Factory created Cube
[2020.05.02-03.38.52:379][301]LogEditorViewport: Clicking on Actor (LMB): StaticMeshActor (Plane25)
[2020.05.02-03.38.53:432][338]Cmd: DELETE
[2020.05.02-03.38.53:432][338]Cmd: ACTOR DELETE
[2020.05.02-03.38.53:438][338]LogEditorActor: Deleted Actor: StaticMeshActor
[2020.05.02-03.38.53:621][338]LogUObjectHash: Compacting FUObjectHashTables data took   5.62ms
[2020.05.02-03.38.53:624][338]LogEditorActor: Deleted 1 Actors (0.191 secs)
[2020.05.02-03.38.54:082][360]LogEditorViewport: Clicking on Actor (LMB): StaticMeshActor (Plane23)
[2020.05.02-03.38.54:239][362]Cmd: DELETE
[2020.05.02-03.38.54:239][362]Cmd: ACTOR DELETE
[2020.05.02-03.38.54:243][362]LogEditorActor: Deleted Actor: StaticMeshActor
[2020.05.02-03.38.54:351][362]LogUObjectHash: Compacting FUObjectHashTables data took   2.73ms
[2020.05.02-03.38.54:352][362]LogEditorActor: Deleted 1 Actors (0.113 secs)
[2020.05.02-03.38.54:962][398]LogEditorViewport: Clicking on Actor (LMB): StaticMeshActor (Plane22)
[2020.05.02-03.38.55:266][408]Cmd: DELETE
[2020.05.02-03.38.55:266][408]Cmd: ACTOR DELETE
[2020.05.02-03.38.55:271][408]LogEditorActor: Deleted Actor: StaticMeshActor
[2020.05.02-03.38.55:354][408]LogUObjectHash: Compacting FUObjectHashTables data took   2.75ms
[2020.05.02-03.38.55:356][408]LogEditorActor: Deleted 1 Actors (0.089 secs)
[2020.05.02-03.38.55:850][437]LogEditorViewport: Clicking on Actor (LMB): StaticMeshActor (Plane26)
[2020.05.02-03.38.56:136][448]Cmd: DELETE
[2020.05.02-03.38.56:136][448]Cmd: ACTOR DELETE
[2020.05.02-03.38.56:141][448]LogEditorActor: Deleted Actor: StaticMeshActor
[2020.05.02-03.38.56:242][448]LogUObjectHash: Compacting FUObjectHashTables data took   2.15ms
[2020.05.02-03.38.56:244][448]LogEditorActor: Deleted 1 Actors (0.107 secs)
[2020.05.02-03.38.56:700][475]LogEditorViewport: Clicking on Actor (LMB): StaticMeshActor (Plane38)
[2020.05.02-03.38.56:855][479]Cmd: DELETE
[2020.05.02-03.38.56:855][479]Cmd: ACTOR DELETE
[2020.05.02-03.38.56:858][479]LogEditorActor: Deleted Actor: StaticMeshActor
[2020.05.02-03.38.56:953][479]LogUObjectHash: Compacting FUObjectHashTables data took   1.62ms
[2020.05.02-03.38.56:954][479]LogEditorActor: Deleted 1 Actors (0.099 secs)
[2020.05.02-03.38.57:460][510]LogEditorViewport: Clicking on Actor (LMB): StaticMeshActor (Plane39)
[2020.05.02-03.38.57:628][515]Cmd: DELETE
[2020.05.02-03.38.57:629][515]Cmd: ACTOR DELETE
[2020.05.02-03.38.57:634][515]LogEditorActor: Deleted Actor: StaticMeshActor
[2020.05.02-03.38.57:730][515]LogUObjectHash: Compacting FUObjectHashTables data took   3.98ms
[2020.05.02-03.38.57:732][515]LogEditorActor: Deleted 1 Actors (0.103 secs)
[2020.05.02-03.38.58:222][545]LogEditorViewport: Clicking on Actor (LMB): StaticMeshActor (Plane34)
[2020.05.02-03.38.58:348][546]Cmd: DELETE
[2020.05.02-03.38.58:348][546]Cmd: ACTOR DELETE
[2020.05.02-03.38.58:353][546]LogEditorActor: Deleted Actor: StaticMeshActor
[2020.05.02-03.38.58:449][546]LogUObjectHash: Compacting FUObjectHashTables data took   2.82ms
[2020.05.02-03.38.58:450][546]LogEditorActor: Deleted 1 Actors (0.102 secs)
[2020.05.02-03.38.59:184][591]LogEditorViewport: Clicking on Actor (LMB): StaticMeshActor (Cube3)
[2020.05.02-03.39.23:972][897]LogEditorViewport: Clicking on Actor (LMB): StaticMeshActor (Cube)
[2020.05.02-03.39.27:985][ 88]LogEditorViewport: Clicking on Actor (LMB): StaticMeshActor (Cube3)
[2020.05.02-03.39.33:725][396]LogEditorViewport: Clicking on Actor (LMB): StaticMeshActor (Cylinder)
[2020.05.02-03.39.55:336][561]LogEditorViewport: Clicking on Actor (LMB): StaticMeshActor (Cube3)
[2020.05.02-03.40.12:729][542]LogEditorViewport: Clicking on Actor (LMB): StaticMeshActor (Wall8)
[2020.05.02-03.40.40:087][714]LogEditorViewport: Clicking on Actor (LMB): StaticMeshActor (Wall7)
[2020.05.02-03.41.14:977][587]LogEditorViewport: Clicking on Actor (LMB): StaticMeshActor (Cube3)
[2020.05.02-03.41.21:431][873]LogEditorViewport: Clicking on Actor (LMB): StaticMeshActor (Cube2)
[2020.05.02-03.41.26:975][150]LogEditorViewport: Clicking on Actor (LMB): StaticMeshActor (Cube3)
[2020.05.02-03.43.10:488][384]LogEditorViewport: Clicking on Actor (LMB): StaticMeshActor (Cube2)
[2020.05.02-03.43.11:703][449]LogEditorViewport: Clicking on Actor (LMB): StaticMeshActor (Cylinder)
[2020.05.02-03.43.15:018][660]LogEditorViewport: Clicking on Actor (LMB): StaticMeshActor (Plane15)
[2020.05.02-03.43.28:331][580]LogEditorViewport: Clicking on Actor (LMB): StaticMeshActor (Cube3)
[2020.05.02-03.43.28:861][608]LogEditorViewport: Clicking on Actor (LMB): StaticMeshActor (Cube)
[2020.05.02-03.43.58:605][ 82]LogUObjectHash: Compacting FUObjectHashTables data took   1.28ms
[2020.05.02-03.43.58:934][ 82]LogSavePackage: Moving '../../../../../../Users/Delam/OneDrive/Documents/GitHub/CGLXJam/CGXJam/Saved/ThirdPersonExampleMap_Auto39D2C36294F35E6B16A9005B7C754A8B0.tmp' to '../../../../../../Users/Delam/OneDrive/Documents/GitHub/CGLXJam/CGXJam/Saved/Autosaves/Game/ThirdPersonCPP/Maps/ThirdPersonExampleMap_Auto3.umap'
[2020.05.02-03.43.58:940][ 82]LogFileHelpers: Editor autosave (incl. sublevels) for '/Game/ThirdPersonCPP/Maps/ThirdPersonExampleMap' took 0.421
[2020.05.02-03.43.58:940][ 82]LogFileHelpers: Editor autosave (incl. sublevels) for all levels took 0.421
[2020.05.02-03.45.41:259][940]LogEditorViewport: Clicking on Actor (LMB): ThirdPersonCharacter_C (ThirdPersonCharacter)
[2020.05.02-03.55.03:823][369]LogAudioMixer: Display: Audio Buffer Underrun detected.
